[#<Token Keyword>, "def"]
[#<Token Text>, " "]
[#<Token Name::Function>, "foo"]
[#<Token Punctuation>, "("]
[#<Token Name>, "x"]
[#<Token Punctuation>, ","]
[#<Token Text>, " "]
[#<Token Name>, "y"]
[#<Token Punctuation>, ","]
[#<Token Text>, " "]
[#<Token Operator>, "&"]
[#<Token Name>, "z"]
[#<Token Punctuation>, ")"]
[#<Token Text>, "\n  "]
[#<Token Keyword>, "begin"]
[#<Token Text>, "\n    "]
[#<Token Keyword>, "yield"]
[#<Token Text>, " "]
[#<Token Name>, "y"]
[#<Token Text>, " "]
[#<Token Keyword>, "if"]
[#<Token Text>, " "]
[#<Token Name>, "x"]
[#<Token Text>, "\n  "]
[#<Token Keyword>, "rescue"]
[#<Token Text>, " "]
[#<Token Operator>, "=>"]
[#<Token Text>, " "]
[#<Token Name>, "e"]
[#<Token Text>, "\n    "]
[#<Token Name::Builtin>, "puts"]
[#<Token Text>, " "]
[#<Token Literal::String::Symbol>, ":rescue"]
[#<Token Text>, "\n  "]
[#<Token Keyword>, "ensure"]
[#<Token Text>, "\n    "]
[#<Token Name::Builtin>, "puts"]
[#<Token Text>, " "]
[#<Token Literal::String::Symbol>, ":ensure"]
[#<Token Text>, "\n  "]
[#<Token Keyword>, "end"]
[#<Token Text>, "\n"]
[#<Token Keyword>, "end"]
[#<Token Text>, "\n\n"]
[#<Token Keyword>, "class"]
[#<Token Text>, " "]
[#<Token Name::Class>, "Foo"]
[#<Token Text>, "\n  "]
[#<Token Keyword>, "def"]
[#<Token Text>, " "]
[#<Token Name::Class>, "self"]
[#<Token Operator>, "."]
[#<Token Name::Function>, "foo"]
[#<Token Text>, "\n  "]
[#<Token Keyword>, "end"]
[#<Token Text>, "\n"]
[#<Token Keyword>, "end"]
[#<Token Text>, "\n\n"]
[#<Token Keyword>, "module"]
[#<Token Text>, " "]
[#<Token Name::Namespace>, "Bar"]
[#<Token Text>, "\n  "]
[#<Token Keyword::Pseudo>, "extend"]
[#<Token Text>, " "]
[#<Token Name::Builtin>, "self"]
[#<Token Text>, "\n"]
[#<Token Keyword>, "end"]
[#<Token Text>, "\n\n"]
[#<Token Keyword>, "class"]
[#<Token Text>, " "]
[#<Token Name::Class>, "Baz"]
[#<Token Text>, " "]
[#<Token Operator>, "<"]
[#<Token Text>, " "]
[#<Token Name::Constant>, "Foo"]
[#<Token Text>, "\n  "]
[#<Token Keyword::Pseudo>, "include"]
[#<Token Text>, " "]
[#<Token Name::Constant>, "Bar"]
[#<Token Text>, "\n"]
[#<Token Keyword>, "end"]
[#<Token Text>, "\n"]
