[#<Token Literal::String::Double>, "\"foo\""]
[#<Token Punctuation>, "."]
[#<Token Keyword>, "is_a?"]
[#<Token Punctuation>, "("]
[#<Token Name::Builtin>, "String"]
[#<Token Punctuation>, ")"]
[#<Token Text>, "\n"]
[#<Token Literal::String::Double>, "\"foo\""]
[#<Token Punctuation>, "."]
[#<Token Keyword>, "nil?"]
[#<Token Text>, "\n"]
[#<Token Literal::String::Double>, "\"foo\""]
[#<Token Punctuation>, "."]
[#<Token Keyword>, "as"]
[#<Token Punctuation>, "("]
[#<Token Name::Builtin>, "String"]
[#<Token Punctuation>, ")"]
[#<Token Text>, "\n"]
[#<Token Literal::String::Double>, "\"foo\""]
[#<Token Punctuation>, "."]
[#<Token Keyword>, "as?"]
[#<Token Punctuation>, "("]
[#<Token Name::Builtin>, "String"]
[#<Token Punctuation>, ")"]
[#<Token Text>, "\n"]
