[#<Token Literal::Number::Integer>, "42"]
[#<Token Text>, "\n"]
[#<Token Literal::Number::Integer>, "3"]
[#<Token Error>, "."]
[#<Token Literal::Number::Integer>, "14"]
[#<Token Text>, "\n"]
[#<Token Literal::Number::Integer>, "1_i8"]
[#<Token Text>, "\n"]
[#<Token Literal::Number::Integer>, "2_i16"]
[#<Token Text>, "\n"]
[#<Token Literal::Number::Integer>, "3_i32"]
[#<Token Text>, "\n"]
[#<Token Literal::Number::Integer>, "4_i64"]
[#<Token Text>, "\n"]
[#<Token Literal::Number::Integer>, "5_i128"]
[#<Token Text>, "\n"]
[#<Token Literal::Number::Integer>, "6u8"]
[#<Token Text>, "\n"]
[#<Token Literal::Number::Integer>, "7u16"]
[#<Token Text>, "\n"]
[#<Token Literal::Number::Integer>, "8u32"]
[#<Token Text>, "\n"]
[#<Token Literal::Number::Integer>, "9u64"]
[#<Token Text>, "\n"]
[#<Token Literal::Number::Integer>, "10u128"]
[#<Token Text>, "\n"]
[#<Token Literal::Number::Float>, "11f32"]
[#<Token Text>, "\n"]
[#<Token Literal::Number::Float>, "12f64"]
[#<Token Text>, "\n"]
[#<Token Literal::String::Single>, "'x'"]
[#<Token Text>, "\n"]
[#<Token Literal::String::Single>, "'\\n'"]
[#<Token Text>, "\n"]
[#<Token Literal::String::Symbol>, ":foo"]
[#<Token Text>, "\n"]
[#<Token Literal::String::Symbol>, ":\"foo bar\""]
[#<Token Text>, "\n"]
[#<Token Literal::String::Symbol>, ":+"]
[#<Token Text>, "\n"]
[#<Token Literal::String::Double>, "\"foo bar\""]
[#<Token Text>, "\n"]
[#<Token Literal::String::Double>, "\"foo "]
[#<Token Literal::String::Interpol>, "\#{"]
[#<Token Text>, " "]
[#<Token Punctuation>, "{"]
[#<Token Literal::String::Symbol>, ":bar"]
[#<Token Punctuation>, "}"]
[#<Token Text>, " "]
[#<Token Literal::String::Interpol>, "}"]
[#<Token Literal::String::Double>, " baz\""]
[#<Token Text>, "\n"]
[#<Token Literal::String::Other>, "%w(foo (bar) baz)"]
[#<Token Text>, "\n"]
