[#<Token Comment::Single>, "# types"]
[#<Token Text>, "\n\n"]
[#<Token Name::Class>, "Foo"]
[#<Token Text>, "\n"]
[#<Token Name::Class>, "Foo"]
[#<Token Punctuation>, "::"]
[#<Token Name::Class>, "Bar"]
[#<Token Text>, "\n\n"]
[#<Token Comment::Single>, "# builtin"]
[#<Token Text>, "\n"]
[#<Token Name::Builtin>, "Int32"]
[#<Token Text>, "\n"]
[#<Token Name::Builtin>, "String"]
[#<Token Text>, "\n\n"]
[#<Token Keyword>, "class"]
[#<Token Text>, " "]
[#<Token Name::Namespace>, "Foo::"]
[#<Token Name::Class>, "Bar"]
[#<Token Text>, "\n"]
[#<Token Keyword>, "end"]
[#<Token Text>, "\n\n"]
[#<Token Keyword>, "struct"]
[#<Token Text>, " "]
[#<Token Name::Namespace>, "Foo::"]
[#<Token Name::Class>, "Bar"]
[#<Token Text>, "\n"]
[#<Token Keyword>, "end"]
[#<Token Text>, "\n\n"]
[#<Token Keyword>, "enum"]
[#<Token Text>, " "]
[#<Token Name::Namespace>, "Foo::"]
[#<Token Name::Class>, "Bar"]
[#<Token Text>, "\n"]
[#<Token Keyword>, "end"]
[#<Token Text>, "\n\n"]
[#<Token Keyword>, "module"]
[#<Token Text>, " "]
[#<Token Name::Namespace>, "Foo::Bar"]
[#<Token Text>, "\n"]
[#<Token Keyword>, "end"]
[#<Token Text>, "\n\n"]
[#<Token Keyword>, "lib"]
[#<Token Text>, " "]
[#<Token Name::Namespace>, "Foo"]
[#<Token Text>, "\n  "]
[#<Token Keyword>, "struct"]
[#<Token Text>, " "]
[#<Token Name::Class>, "Bar"]
[#<Token Text>, "\n  "]
[#<Token Keyword>, "end"]
[#<Token Text>, "\n\n  "]
[#<Token Keyword>, "enum"]
[#<Token Text>, " "]
[#<Token Name::Class>, "Bar"]
[#<Token Text>, "\n  "]
[#<Token Keyword>, "end"]
[#<Token Text>, "\n\n  "]
[#<Token Keyword>, "union"]
[#<Token Text>, " "]
[#<Token Name::Class>, "Bar"]
[#<Token Text>, "\n  "]
[#<Token Keyword>, "end"]
[#<Token Text>, "\n\n  "]
[#<Token Keyword>, "type"]
[#<Token Text>, " "]
[#<Token Name::Class>, "Bar"]
[#<Token Text>, " "]
[#<Token Operator>, "="]
[#<Token Text>, " "]
[#<Token Name::Class>, "Foo"]
[#<Token Text>, "\n"]
[#<Token Keyword>, "end"]
[#<Token Text>, "\n\n\n"]
[#<Token Comment::Single>, "# constants"]
[#<Token Text>, "\n\n"]
[#<Token Name::Constant>, "FOO"]
[#<Token Text>, "\n"]
[#<Token Name::Class>, "Foo"]
[#<Token Punctuation>, "::"]
[#<Token Name::Constant>, "BAR"]
[#<Token Text>, "\n\n"]
[#<Token Comment::Single>, "# builtins"]
[#<Token Text>, "\n"]
[#<Token Name::Builtin>, "ARGV"]
[#<Token Text>, "\n"]
[#<Token Name::Class>, "PROGRAM_NAME"]
[#<Token Text>, "\n\n\n"]
[#<Token Comment::Single>, "# methods"]
[#<Token Text>, "\n\n"]
[#<Token Keyword>, "def"]
[#<Token Text>, " "]
[#<Token Name::Function>, "foo"]
[#<Token Text>, "\n"]
[#<Token Keyword>, "end"]
[#<Token Text>, "\n\n"]
[#<Token Keyword>, "fun"]
[#<Token Text>, " "]
[#<Token Name::Function>, "foo"]
[#<Token Text>, "\n"]
[#<Token Keyword>, "end"]
[#<Token Text>, "\n\n"]
[#<Token Keyword>, "macro"]
[#<Token Text>, " "]
[#<Token Name::Function>, "foo"]
[#<Token Text>, "\n"]
[#<Token Keyword>, "end"]
[#<Token Text>, "\n\n"]
[#<Token Keyword>, "def"]
[#<Token Text>, " "]
[#<Token Name::Class>, "self"]
[#<Token Operator>, "."]
[#<Token Name::Function>, "foo"]
[#<Token Text>, "\n"]
[#<Token Keyword>, "end"]
[#<Token Text>, "\n\n"]
[#<Token Keyword>, "def"]
[#<Token Text>, " "]
[#<Token Name::Class>, "Foo"]
[#<Token Operator>, "."]
[#<Token Name::Function>, "foo"]
[#<Token Text>, "\n"]
[#<Token Keyword>, "end"]
[#<Token Text>, "\n\n"]
[#<Token Keyword>, "def"]
[#<Token Text>, " "]
[#<Token Name::Function>, "foo?"]
[#<Token Punctuation>, ";"]
[#<Token Text>, " "]
[#<Token Keyword>, "end"]
[#<Token Text>, "\n"]
[#<Token Keyword>, "def"]
[#<Token Text>, " "]
[#<Token Name::Function>, "foo!"]
[#<Token Punctuation>, ";"]
[#<Token Text>, " "]
[#<Token Keyword>, "end"]
[#<Token Text>, "\n\n"]
[#<Token Keyword>, "def"]
[#<Token Text>, " "]
[#<Token Name::Function>, "+"]
[#<Token Punctuation>, ";"]
[#<Token Text>, " "]
[#<Token Keyword>, "end"]
[#<Token Text>, "\n"]
[#<Token Keyword>, "def"]
[#<Token Text>, " "]
[#<Token Name::Function>, "-"]
[#<Token Punctuation>, ";"]
[#<Token Text>, " "]
[#<Token Keyword>, "end"]
[#<Token Text>, "\n"]
[#<Token Keyword>, "def"]
[#<Token Text>, " "]
[#<Token Name::Function>, "*"]
[#<Token Punctuation>, ";"]
[#<Token Text>, " "]
[#<Token Keyword>, "end"]
[#<Token Text>, "\n"]
[#<Token Keyword>, "def"]
[#<Token Text>, " "]
[#<Token Name::Function>, "/"]
[#<Token Punctuation>, ";"]
[#<Token Text>, " "]
[#<Token Keyword>, "end"]
[#<Token Text>, "\n"]
[#<Token Keyword>, "def"]
[#<Token Text>, " "]
[#<Token Name::Function>, "%"]
[#<Token Punctuation>, ";"]
[#<Token Text>, " "]
[#<Token Keyword>, "end"]
[#<Token Text>, "\n"]
[#<Token Keyword>, "def"]
[#<Token Text>, " "]
[#<Token Name::Function>, "**"]
[#<Token Punctuation>, ";"]
[#<Token Text>, " "]
[#<Token Keyword>, "end"]
[#<Token Text>, "\n"]
[#<Token Keyword>, "def"]
[#<Token Text>, " "]
[#<Token Name::Function>, "~"]
[#<Token Punctuation>, ";"]
[#<Token Text>, " "]
[#<Token Keyword>, "end"]
[#<Token Text>, "\n"]
[#<Token Keyword>, "def"]
[#<Token Text>, " "]
[#<Token Name::Function>, "|"]
[#<Token Punctuation>, ";"]
[#<Token Text>, " "]
[#<Token Keyword>, "end"]
[#<Token Text>, "\n"]
[#<Token Keyword>, "def"]
[#<Token Text>, " "]
[#<Token Name::Function>, "&"]
[#<Token Punctuation>, ";"]
[#<Token Text>, " "]
[#<Token Keyword>, "end"]
[#<Token Text>, "\n"]
[#<Token Keyword>, "def"]
[#<Token Text>, " "]
[#<Token Name::Function>, "^"]
[#<Token Punctuation>, ";"]
[#<Token Text>, " "]
[#<Token Keyword>, "end"]
[#<Token Text>, "\n"]
[#<Token Keyword>, "def"]
[#<Token Text>, " "]
[#<Token Name::Function>, "<<"]
[#<Token Punctuation>, ";"]
[#<Token Text>, " "]
[#<Token Keyword>, "end"]
[#<Token Text>, "\n"]
[#<Token Keyword>, "def"]
[#<Token Text>, " "]
[#<Token Name::Function>, ">>"]
[#<Token Punctuation>, ";"]
[#<Token Text>, " "]
[#<Token Keyword>, "end"]
[#<Token Text>, "\n"]
[#<Token Keyword>, "def"]
[#<Token Text>, " "]
[#<Token Name::Function>, "=="]
[#<Token Punctuation>, ";"]
[#<Token Text>, " "]
[#<Token Keyword>, "end"]
[#<Token Text>, "\n"]
[#<Token Keyword>, "def"]
[#<Token Text>, " "]
[#<Token Name::Function>, "==="]
[#<Token Punctuation>, ";"]
[#<Token Text>, " "]
[#<Token Keyword>, "end"]
[#<Token Text>, "\n"]
[#<Token Keyword>, "def"]
[#<Token Text>, " "]
[#<Token Name::Function>, "!="]
[#<Token Punctuation>, ";"]
[#<Token Text>, " "]
[#<Token Keyword>, "end"]
[#<Token Text>, "\n"]
[#<Token Keyword>, "def"]
[#<Token Text>, " "]
[#<Token Name::Function>, "<"]
[#<Token Punctuation>, ";"]
[#<Token Text>, " "]
[#<Token Keyword>, "end"]
[#<Token Text>, "\n"]
[#<Token Keyword>, "def"]
[#<Token Text>, " "]
[#<Token Name::Function>, "<="]
[#<Token Punctuation>, ";"]
[#<Token Text>, " "]
[#<Token Keyword>, "end"]
[#<Token Text>, "\n"]
[#<Token Keyword>, "def"]
[#<Token Text>, " "]
[#<Token Name::Function>, ">"]
[#<Token Punctuation>, ";"]
[#<Token Text>, " "]
[#<Token Keyword>, "end"]
[#<Token Text>, "\n"]
[#<Token Keyword>, "def"]
[#<Token Text>, " "]
[#<Token Name::Function>, ">="]
[#<Token Punctuation>, ";"]
[#<Token Text>, " "]
[#<Token Keyword>, "end"]
[#<Token Text>, "\n"]
[#<Token Keyword>, "def"]
[#<Token Text>, " "]
[#<Token Name::Function>, "<=>"]
[#<Token Punctuation>, ";"]
[#<Token Text>, " "]
[#<Token Keyword>, "end"]
[#<Token Text>, "\n"]
[#<Token Keyword>, "def"]
[#<Token Text>, " "]
[#<Token Name::Function>, "=~"]
[#<Token Punctuation>, ";"]
[#<Token Text>, " "]
[#<Token Keyword>, "end"]
[#<Token Text>, "\n"]
[#<Token Keyword>, "def"]
[#<Token Text>, " "]
[#<Token Name::Function>, "!~"]
[#<Token Punctuation>, ";"]
[#<Token Text>, " "]
[#<Token Keyword>, "end"]
[#<Token Text>, "\n\n"]
[#<Token Comment::Single>, "# variables"]
[#<Token Text>, "\n\n"]
[#<Token Name::Variable>, "foo"]
[#<Token Text>, "\n"]
[#<Token Name::Variable::Instance>, "@foo"]
[#<Token Text>, "\n"]
[#<Token Name::Variable::Class>, "@@foo"]
[#<Token Text>, "\n\n"]
[#<Token Name::Variable::Global>, "$?"]
[#<Token Text>, "\n"]
[#<Token Name::Variable::Global>, "$~"]
[#<Token Text>, "\n"]
[#<Token Name::Variable::Global>, "$1"]
[#<Token Text>, "\n"]
[#<Token Name::Variable::Global>, "$2?"]
[#<Token Text>, "\n\n\n"]
[#<Token Comment::Single>, "# method invocations"]
[#<Token Text>, "\n\n"]
[#<Token Name::Variable>, "foo"]
[#<Token Punctuation>, "."]
[#<Token Name::Function>, "foo"]
[#<Token Text>, "\n"]
[#<Token Name::Variable>, "foo"]
[#<Token Punctuation>, "."]
[#<Token Name::Function>, "foo?"]
[#<Token Text>, "\n"]
[#<Token Name::Variable>, "foo"]
[#<Token Punctuation>, "."]
[#<Token Name::Function>, "foo!"]
[#<Token Text>, "\n\n"]
[#<Token Name::Variable>, "foo"]
[#<Token Punctuation>, "."]
[#<Token Name::Function>, "foo"]
[#<Token Text>, " "]
[#<Token Keyword>, "do"]
[#<Token Text>, " "]
[#<Token Punctuation>, "|"]
[#<Token Name::Variable>, "bar"]
[#<Token Punctuation>, "|"]
[#<Token Text>, "\n"]
[#<Token Keyword>, "end"]
[#<Token Text>, "\n"]
[#<Token Name::Variable>, "foo"]
[#<Token Punctuation>, "."]
[#<Token Name::Function>, "foo"]
[#<Token Text>, " "]
[#<Token Punctuation>, "{"]
[#<Token Text>, " "]
[#<Token Punctuation>, "|"]
[#<Token Name::Variable>, "bar"]
[#<Token Punctuation>, "|"]
[#<Token Text>, " "]
[#<Token Punctuation>, "}"]
[#<Token Text>, "\n\n"]
[#<Token Literal::String::Backtick>, "`foo "]
[#<Token Literal::String::Interpol>, "\#{"]
[#<Token Name::Variable>, "foo"]
[#<Token Literal::String::Interpol>, "}"]
[#<Token Literal::String::Backtick>, " bar`"]
[#<Token Text>, "\n\n"]
[#<Token Operator>, "+"]
[#<Token Name::Variable>, "foo"]
[#<Token Text>, "\n"]
[#<Token Operator>, "-"]
[#<Token Name::Variable>, "foo"]
[#<Token Text>, "\n"]
[#<Token Name::Variable>, "foo"]
[#<Token Text>, " "]
[#<Token Operator>, "+"]
[#<Token Text>, " "]
[#<Token Name::Variable>, "bar"]
[#<Token Text>, "\n"]
[#<Token Name::Variable>, "foo"]
[#<Token Text>, " "]
[#<Token Operator>, "-"]
[#<Token Text>, " "]
[#<Token Name::Variable>, "bar"]
[#<Token Text>, "\n"]
[#<Token Name::Variable>, "foo"]
[#<Token Text>, " "]
[#<Token Operator>, "*"]
[#<Token Text>, " "]
[#<Token Name::Variable>, "bar"]
[#<Token Text>, "\n"]
[#<Token Name::Variable>, "foo"]
[#<Token Text>, " "]
[#<Token Operator>, "/"]
[#<Token Text>, " "]
[#<Token Name::Variable>, "bar"]
[#<Token Text>, "\n"]
[#<Token Name::Variable>, "foo"]
[#<Token Text>, " "]
[#<Token Operator>, "%"]
[#<Token Text>, " "]
[#<Token Name::Variable>, "bar"]
[#<Token Text>, "\n"]
[#<Token Name::Variable>, "foo"]
[#<Token Text>, " "]
[#<Token Operator>, "**"]
[#<Token Text>, " "]
[#<Token Name::Variable>, "bar"]
[#<Token Text>, "\n"]
[#<Token Punctuation>, "("]
[#<Token Name::Variable>, "foo"]
[#<Token Text>, " "]
[#<Token Operator>, "+"]
[#<Token Text>, " "]
[#<Token Name::Variable>, "bar"]
[#<Token Punctuation>, ")"]
[#<Token Text>, " "]
[#<Token Operator>, "*"]
[#<Token Text>, " "]
[#<Token Punctuation>, "("]
[#<Token Name::Variable>, "foo"]
[#<Token Text>, " "]
[#<Token Operator>, "-"]
[#<Token Text>, " "]
[#<Token Name::Variable>, "bar"]
[#<Token Punctuation>, ")"]
[#<Token Text>, "\n\n"]
[#<Token Operator>, "~"]
[#<Token Name::Variable>, "foo"]
[#<Token Text>, "\n"]
[#<Token Name::Variable>, "foo"]
[#<Token Text>, " "]
[#<Token Operator>, "|"]
[#<Token Text>, " "]
[#<Token Name::Variable>, "bar"]
[#<Token Text>, "\n"]
[#<Token Name::Variable>, "foo"]
[#<Token Text>, " "]
[#<Token Operator>, "&"]
[#<Token Text>, " "]
[#<Token Name::Variable>, "bar"]
[#<Token Text>, "\n"]
[#<Token Name::Variable>, "foo"]
[#<Token Text>, " "]
[#<Token Operator>, "^"]
[#<Token Text>, " "]
[#<Token Name::Variable>, "bar"]
[#<Token Text>, "\n"]
[#<Token Name::Variable>, "foo"]
[#<Token Text>, " "]
[#<Token Operator>, "<<"]
[#<Token Text>, " "]
[#<Token Name::Variable>, "bar"]
[#<Token Text>, "\n"]
[#<Token Name::Variable>, "foo"]
[#<Token Text>, " "]
[#<Token Operator>, ">>"]
[#<Token Text>, " "]
[#<Token Name::Variable>, "bar"]
[#<Token Text>, "\n\n"]
[#<Token Name::Variable>, "foo"]
[#<Token Text>, " "]
[#<Token Operator>, "=="]
[#<Token Text>, " "]
[#<Token Name::Variable>, "bar"]
[#<Token Text>, "\n"]
[#<Token Name::Variable>, "foo"]
[#<Token Text>, " "]
[#<Token Operator>, "==="]
[#<Token Text>, " "]
[#<Token Name::Variable>, "bar"]
[#<Token Text>, "\n"]
[#<Token Name::Variable>, "foo"]
[#<Token Text>, " "]
[#<Token Operator>, "!="]
[#<Token Text>, " "]
[#<Token Name::Variable>, "bar"]
[#<Token Text>, "\n"]
[#<Token Name::Variable>, "foo"]
[#<Token Text>, " "]
[#<Token Operator>, "<"]
[#<Token Text>, " "]
[#<Token Name::Variable>, "bar"]
[#<Token Text>, "\n"]
[#<Token Name::Variable>, "foo"]
[#<Token Text>, " "]
[#<Token Operator>, "<="]
[#<Token Text>, " "]
[#<Token Name::Variable>, "bar"]
[#<Token Text>, "\n"]
[#<Token Name::Variable>, "foo"]
[#<Token Text>, " "]
[#<Token Operator>, ">"]
[#<Token Text>, " "]
[#<Token Name::Variable>, "bar"]
[#<Token Text>, "\n"]
[#<Token Name::Variable>, "foo"]
[#<Token Text>, " "]
[#<Token Operator>, ">="]
[#<Token Text>, " "]
[#<Token Name::Variable>, "bar"]
[#<Token Text>, "\n"]
[#<Token Name::Variable>, "foo"]
[#<Token Text>, " "]
[#<Token Operator>, "<=>"]
[#<Token Text>, " "]
[#<Token Name::Variable>, "bar"]
[#<Token Text>, "\n"]
[#<Token Name::Variable>, "foo"]
[#<Token Text>, " "]
[#<Token Operator>, "=~"]
[#<Token Text>, " "]
[#<Token Name::Variable>, "bar"]
[#<Token Text>, "\n"]
[#<Token Name::Variable>, "foo"]
[#<Token Text>, " "]
[#<Token Operator>, "!~"]
[#<Token Text>, " "]
[#<Token Name::Variable>, "bar"]
[#<Token Text>, "\n\n"]
[#<Token Operator>, "!"]
[#<Token Name::Variable>, "foo"]
[#<Token Text>, "\n"]
[#<Token Name::Variable>, "foo"]
[#<Token Text>, " "]
[#<Token Operator>, "||"]
[#<Token Text>, " "]
[#<Token Name::Variable>, "bar"]
[#<Token Text>, "\n"]
[#<Token Name::Variable>, "foo"]
[#<Token Text>, " "]
[#<Token Operator>, "&&"]
[#<Token Text>, " "]
[#<Token Name::Variable>, "bar"]
[#<Token Text>, "\n"]
