[#<Token Punctuation>, "{"]
[#<Token Text::Whitespace>, "\n    "]
[#<Token Literal::String::Double>, "\"key\""]
[#<Token Text::Whitespace>, " "]
[#<Token Punctuation>, ":"]
[#<Token Text::Whitespace>, " "]
[#<Token Punctuation>, "["]
[#<Token Literal::Number>, "6.02e-23"]
[#<Token Punctuation>, ","]
[#<Token Text::Whitespace>, " "]
[#<Token Literal::String::Double>, "\""]
[#<Token Literal::String::Escape>, "\\u3042"]
[#<Token Literal::String::Double>, "いうえお かきくけこ"]
[#<Token Literal::String::Escape>, "\\n"]
[#<Token Literal::String::Double>, "\""]
[#<Token Punctuation>, ","]
[#<Token Keyword::Constant>, "true"]
[#<Token Punctuation>, ","]
[#<Token Keyword::Constant>, "false"]
[#<Token Punctuation>, ","]
[#<Token Keyword::Constant>, "null"]
[#<Token Punctuation>, "]"]
[#<Token Text::Whitespace>, "\n"]
[#<Token Punctuation>, "}"]
[#<Token Text::Whitespace>, "\n"]
