[#<Token Comment::Single>, "# Examples from the Preview section of the YAML specification"]
[#<Token Text>, "\n"]
[#<Token Comment::Single>, "# (http://yaml.org/spec/1.2/#Preview)"]
[#<Token Text>, "\n"]
[#<Token Comment::Single>, "#"]
[#<Token Text>, "\n\n"]
[#<Token Comment::Single>, "# Sequence of scalars"]
[#<Token Text>, "\n"]
[#<Token Name::Namespace>, "---"]
[#<Token Text>, "\n"]
[#<Token Punctuation::Indicator>, "-"]
[#<Token Text>, " "]
[#<Token Literal::String>, "Mark McGwire"]
[#<Token Text>, "\n"]
[#<Token Punctuation::Indicator>, "-"]
[#<Token Text>, " "]
[#<Token Literal::String>, "Sammy Sosa"]
[#<Token Text>, "\n"]
[#<Token Punctuation::Indicator>, "-"]
[#<Token Text>, " "]
[#<Token Literal::String>, "Ken Griffey"]
[#<Token Text>, "\n\n"]
[#<Token Comment::Single>, "# Mapping scalars to scalars"]
[#<Token Text>, "\n"]
[#<Token Name::Namespace>, "---"]
[#<Token Text>, "\n"]
[#<Token Name::Attribute>, "hr"]
[#<Token Punctuation::Indicator>, ":"]
[#<Token Text>, "  "]
[#<Token Literal::Number>, "65"]
[#<Token Text>, "    "]
[#<Token Comment::Single>, "# Home runs"]
[#<Token Text>, "\n"]
[#<Token Name::Attribute>, "avg"]
[#<Token Punctuation::Indicator>, ":"]
[#<Token Text>, " "]
[#<Token Literal::Number>, "0.278"]
[#<Token Text>, " "]
[#<Token Comment::Single>, "# Batting average"]
[#<Token Text>, "\n"]
[#<Token Name::Attribute>, "rbi"]
[#<Token Punctuation::Indicator>, ":"]
[#<Token Text>, " "]
[#<Token Literal::Number>, "147"]
[#<Token Text>, "   "]
[#<Token Comment::Single>, "# Runs Batted In"]
[#<Token Text>, "\n\n"]
[#<Token Comment::Single>, "# Mapping scalars to sequences"]
[#<Token Text>, "\n"]
[#<Token Name::Namespace>, "---"]
[#<Token Text>, "\n"]
[#<Token Name::Attribute>, "american"]
[#<Token Punctuation::Indicator>, ":"]
[#<Token Text>, "\n  "]
[#<Token Punctuation::Indicator>, "-"]
[#<Token Text>, " "]
[#<Token Literal::String>, "Boston Red Sox"]
[#<Token Text>, "\n  "]
[#<Token Punctuation::Indicator>, "-"]
[#<Token Text>, " "]
[#<Token Literal::String>, "Detroit Tigers"]
[#<Token Text>, "\n  "]
[#<Token Punctuation::Indicator>, "-"]
[#<Token Text>, " "]
[#<Token Literal::String>, "New York Yankees"]
[#<Token Text>, "\n"]
[#<Token Name::Attribute>, "national"]
[#<Token Punctuation::Indicator>, ":"]
[#<Token Text>, "\n  "]
[#<Token Punctuation::Indicator>, "-"]
[#<Token Text>, " "]
[#<Token Literal::String>, "New York Mets"]
[#<Token Text>, "\n  "]
[#<Token Punctuation::Indicator>, "-"]
[#<Token Text>, " "]
[#<Token Literal::String>, "Chicago Cubs"]
[#<Token Text>, "\n  "]
[#<Token Punctuation::Indicator>, "-"]
[#<Token Text>, " "]
[#<Token Literal::String>, "Atlanta Braves"]
[#<Token Text>, "\n\n"]
[#<Token Comment::Single>, "# Sequence of mappings"]
[#<Token Text>, "\n"]
[#<Token Name::Namespace>, "---"]
[#<Token Text>, "\n"]
[#<Token Punctuation::Indicator>, "-"]
[#<Token Text>, "\n  "]
[#<Token Name::Attribute>, "name"]
[#<Token Punctuation::Indicator>, ":"]
[#<Token Text>, " "]
[#<Token Literal::String>, "Mark McGwire"]
[#<Token Text>, "\n  "]
[#<Token Name::Attribute>, "hr"]
[#<Token Punctuation::Indicator>, ":"]
[#<Token Text>, "   "]
[#<Token Literal::Number>, "65"]
[#<Token Text>, "\n  "]
[#<Token Name::Attribute>, "avg"]
[#<Token Punctuation::Indicator>, ":"]
[#<Token Text>, "  "]
[#<Token Literal::Number>, "0.278"]
[#<Token Text>, "\n  "]
[#<Token Name::Attribute>, "addr"]
[#<Token Punctuation::Indicator>, ":"]
[#<Token Text>, " "]
[#<Token Literal::String>, "B 221 Block"]
[#<Token Text>, "\n"]
[#<Token Punctuation::Indicator>, "-"]
[#<Token Text>, "\n  "]
[#<Token Name::Attribute>, "name"]
[#<Token Punctuation::Indicator>, ":"]
[#<Token Text>, " "]
[#<Token Literal::String>, "Sammy Sosa"]
[#<Token Text>, "\n  "]
[#<Token Name::Attribute>, "hr"]
[#<Token Punctuation::Indicator>, ":"]
[#<Token Text>, "   "]
[#<Token Literal::Number>, "63"]
[#<Token Text>, "\n  "]
[#<Token Name::Attribute>, "avg"]
[#<Token Punctuation::Indicator>, ":"]
[#<Token Text>, "  "]
[#<Token Literal::Number>, "0.288"]
[#<Token Text>, "\n\n"]
[#<Token Comment::Single>, "# Sequence of sequences"]
[#<Token Text>, "\n"]
[#<Token Name::Namespace>, "---"]
[#<Token Text>, "\n"]
[#<Token Punctuation::Indicator>, "-"]
[#<Token Text>, " "]
[#<Token Punctuation::Indicator>, "["]
[#<Token Name::Variable>, "name"]
[#<Token Text>, "        "]
[#<Token Punctuation::Indicator>, ","]
[#<Token Text>, " "]
[#<Token Name::Variable>, "hr"]
[#<Token Punctuation::Indicator>, ","]
[#<Token Text>, " "]
[#<Token Name::Variable>, "avg"]
[#<Token Text>, "  "]
[#<Token Punctuation::Indicator>, "]"]
[#<Token Text>, "\n"]
[#<Token Punctuation::Indicator>, "-"]
[#<Token Text>, " "]
[#<Token Punctuation::Indicator>, "["]
[#<Token Name::Variable>, "Mark McGwire"]
[#<Token Punctuation::Indicator>, ","]
[#<Token Text>, " "]
[#<Token Name::Variable>, "65"]
[#<Token Punctuation::Indicator>, ","]
[#<Token Text>, " "]
[#<Token Name::Variable>, "0.278"]
[#<Token Punctuation::Indicator>, "]"]
[#<Token Text>, "\n"]
[#<Token Punctuation::Indicator>, "-"]
[#<Token Text>, " "]
[#<Token Punctuation::Indicator>, "["]
[#<Token Name::Variable>, "Sammy Sosa"]
[#<Token Text>, "  "]
[#<Token Punctuation::Indicator>, ","]
[#<Token Text>, " "]
[#<Token Name::Variable>, "63"]
[#<Token Punctuation::Indicator>, ","]
[#<Token Text>, " "]
[#<Token Name::Variable>, "0.288"]
[#<Token Punctuation::Indicator>, "]"]
[#<Token Text>, "\n\n"]
[#<Token Comment::Single>, "# Mapping of mappings"]
[#<Token Text>, "\n"]
[#<Token Name::Namespace>, "---"]
[#<Token Text>, "\n"]
[#<Token Name::Attribute>, "Mark McGwire"]
[#<Token Punctuation::Indicator>, ":"]
[#<Token Text>, " "]
[#<Token Punctuation::Indicator>, "{"]
[#<Token Name::Variable>, "hr"]
[#<Token Punctuation::Indicator>, ":"]
[#<Token Text>, " "]
[#<Token Name::Variable>, "65"]
[#<Token Punctuation::Indicator>, ","]
[#<Token Text>, " "]
[#<Token Name::Variable>, "avg"]
[#<Token Punctuation::Indicator>, ":"]
[#<Token Text>, " "]
[#<Token Name::Variable>, "0.278"]
[#<Token Punctuation::Indicator>, "}"]
[#<Token Text>, "\n"]
[#<Token Name::Attribute>, "Sammy Sosa"]
[#<Token Punctuation::Indicator>, ":"]
[#<Token Text>, " "]
[#<Token Punctuation::Indicator>, "{"]
[#<Token Text>, "\n    "]
[#<Token Name::Variable>, "hr"]
[#<Token Punctuation::Indicator>, ":"]
[#<Token Text>, " "]
[#<Token Name::Variable>, "63"]
[#<Token Punctuation::Indicator>, ","]
[#<Token Text>, "\n    "]
[#<Token Name::Variable>, "avg"]
[#<Token Punctuation::Indicator>, ":"]
[#<Token Text>, " "]
[#<Token Name::Variable>, "0.288"]
[#<Token Text>, "\n  "]
[#<Token Punctuation::Indicator>, "}"]
[#<Token Text>, "\n\n"]
[#<Token Comment::Single>, "# Two documents in a stream"]
[#<Token Text>, "\n"]
[#<Token Name::Namespace>, "---"]
[#<Token Text>, " "]
[#<Token Comment::Single>, "# Ranking of 1998 home runs"]
[#<Token Text>, "\n"]
[#<Token Punctuation::Indicator>, "-"]
[#<Token Text>, " "]
[#<Token Literal::String>, "Mark McGwire"]
[#<Token Text>, "\n"]
[#<Token Punctuation::Indicator>, "-"]
[#<Token Text>, " "]
[#<Token Literal::String>, "Sammy Sosa"]
[#<Token Text>, "\n"]
[#<Token Punctuation::Indicator>, "-"]
[#<Token Text>, " "]
[#<Token Literal::String>, "Ken Griffey"]
[#<Token Text>, "\n"]
[#<Token Name::Namespace>, "---"]
[#<Token Text>, " "]
[#<Token Comment::Single>, "# Team ranking"]
[#<Token Text>, "\n"]
[#<Token Punctuation::Indicator>, "-"]
[#<Token Text>, " "]
[#<Token Literal::String>, "Chicago Cubs"]
[#<Token Text>, "\n"]
[#<Token Punctuation::Indicator>, "-"]
[#<Token Text>, " "]
[#<Token Literal::String>, "St Louis Cardinals"]
[#<Token Text>, "\n\n"]
[#<Token Comment::Single>, "# Documents with the end indicator"]
[#<Token Text>, "\n"]
[#<Token Name::Namespace>, "---"]
[#<Token Text>, "\n"]
[#<Token Name::Attribute>, "time"]
[#<Token Punctuation::Indicator>, ":"]
[#<Token Text>, " "]
[#<Token Literal::String>, "20:03:20"]
[#<Token Text>, "\n"]
[#<Token Name::Attribute>, "player"]
[#<Token Punctuation::Indicator>, ":"]
[#<Token Text>, " "]
[#<Token Literal::String>, "Sammy Sosa"]
[#<Token Text>, "\n"]
[#<Token Name::Attribute>, "action"]
[#<Token Punctuation::Indicator>, ":"]
[#<Token Text>, " "]
[#<Token Literal::String>, "strike (miss)"]
[#<Token Text>, "\n"]
[#<Token Name::Namespace>, "..."]
[#<Token Text>, "\n"]
[#<Token Name::Namespace>, "---"]
[#<Token Text>, "\n"]
[#<Token Name::Attribute>, "time"]
[#<Token Punctuation::Indicator>, ":"]
[#<Token Text>, " "]
[#<Token Literal::String>, "20:03:47"]
[#<Token Text>, "\n"]
[#<Token Name::Attribute>, "player"]
[#<Token Punctuation::Indicator>, ":"]
[#<Token Text>, " "]
[#<Token Literal::String>, "Sammy Sosa"]
[#<Token Text>, "\n"]
[#<Token Name::Attribute>, "action"]
[#<Token Punctuation::Indicator>, ":"]
[#<Token Text>, " "]
[#<Token Literal::String>, "grand slam"]
[#<Token Text>, "\n"]
[#<Token Name::Namespace>, "..."]
[#<Token Text>, "\n\n"]
[#<Token Comment::Single>, "# Comments"]
[#<Token Text>, "\n"]
[#<Token Name::Namespace>, "---"]
[#<Token Text>, "\n"]
[#<Token Name::Attribute>, "hr"]
[#<Token Punctuation::Indicator>, ":"]
[#<Token Text>, " "]
[#<Token Comment::Single>, "# 1998 hr ranking"]
[#<Token Text>, "\n  "]
[#<Token Punctuation::Indicator>, "-"]
[#<Token Text>, " "]
[#<Token Literal::String>, "Mark McGwire"]
[#<Token Text>, "\n  "]
[#<Token Punctuation::Indicator>, "-"]
[#<Token Text>, " "]
[#<Token Literal::String>, "Sammy Sosa"]
[#<Token Text>, "\n"]
[#<Token Name::Attribute>, "rbi"]
[#<Token Punctuation::Indicator>, ":"]
[#<Token Text>, "\n  "]
[#<Token Comment::Single>, "# 1998 rbi ranking"]
[#<Token Text>, "\n  "]
[#<Token Punctuation::Indicator>, "-"]
[#<Token Text>, " "]
[#<Token Literal::String>, "Sammy Sosa"]
[#<Token Text>, "\n  "]
[#<Token Punctuation::Indicator>, "-"]
[#<Token Text>, " "]
[#<Token Literal::String>, "Ken Griffey"]
[#<Token Text>, "\n\n"]
[#<Token Comment::Single>, "# Anchors and aliases"]
[#<Token Text>, "\n"]
[#<Token Name::Namespace>, "---"]
[#<Token Text>, "\n"]
[#<Token Name::Attribute>, "hr"]
[#<Token Punctuation::Indicator>, ":"]
[#<Token Text>, "\n  "]
[#<Token Punctuation::Indicator>, "-"]
[#<Token Text>, " "]
[#<Token Literal::String>, "Mark McGwire"]
[#<Token Text>, "\n  "]
[#<Token Comment::Single>, "# Following node labeled SS"]
[#<Token Text>, "\n  "]
[#<Token Punctuation::Indicator>, "-"]
[#<Token Text>, " "]
[#<Token Name::Label>, "&SS"]
[#<Token Text>, " "]
[#<Token Literal::String>, "Sammy Sosa"]
[#<Token Text>, "\n"]
[#<Token Name::Attribute>, "rbi"]
[#<Token Punctuation::Indicator>, ":"]
[#<Token Text>, "\n  "]
[#<Token Punctuation::Indicator>, "-"]
[#<Token Text>, " "]
[#<Token Name::Variable>, "*SS"]
[#<Token Text>, " "]
[#<Token Comment::Single>, "# Subsequent occurrence"]
[#<Token Text>, "\n  "]
[#<Token Punctuation::Indicator>, "-"]
[#<Token Text>, " "]
[#<Token Literal::String>, "Ken Griffey"]
[#<Token Text>, "\n\n"]
[#<Token Comment::Single>, "# Mapping between sequences"]
[#<Token Text>, "\n"]
[#<Token Name::Namespace>, "---"]
[#<Token Text>, "\n"]
[#<Token Punctuation::Indicator>, "?"]
[#<Token Text>, " "]
[#<Token Punctuation::Indicator>, "-"]
[#<Token Text>, " "]
[#<Token Literal::String>, "Detroit Tigers"]
[#<Token Text>, "\n  "]
[#<Token Punctuation::Indicator>, "-"]
[#<Token Text>, " "]
[#<Token Literal::String>, "Chicago cubs"]
[#<Token Text>, "\n"]
[#<Token Punctuation::Indicator>, ":"]
[#<Token Text>, "\n  "]
[#<Token Punctuation::Indicator>, "-"]
[#<Token Text>, " "]
[#<Token Literal::String>, "2001-07-23"]
[#<Token Text>, "\n"]
[#<Token Punctuation::Indicator>, "?"]
[#<Token Text>, " "]
[#<Token Punctuation::Indicator>, "["]
[#<Token Text>, " "]
[#<Token Name::Variable>, "New York Yankees"]
[#<Token Punctuation::Indicator>, ","]
[#<Token Text>, "\n    "]
[#<Token Name::Variable>, "Atlanta Braves"]
[#<Token Text>, " "]
[#<Token Punctuation::Indicator>, "]"]
[#<Token Text>, "\n"]
[#<Token Punctuation::Indicator>, ":"]
[#<Token Text>, " "]
[#<Token Punctuation::Indicator>, "["]
[#<Token Text>, " "]
[#<Token Name::Variable>, "2001-07-02"]
[#<Token Punctuation::Indicator>, ","]
[#<Token Text>, " "]
[#<Token Name::Variable>, "2001-08-12"]
[#<Token Punctuation::Indicator>, ","]
[#<Token Text>, "\n    "]
[#<Token Name::Variable>, "2001-08-14"]
[#<Token Text>, " "]
[#<Token Punctuation::Indicator>, "]"]
[#<Token Text>, "\n\n"]
[#<Token Comment::Single>, "# Inline nested mapping"]
[#<Token Text>, "\n"]
[#<Token Name::Namespace>, "---"]
[#<Token Text>, "\n"]
[#<Token Comment::Single>, "# products purchased"]
[#<Token Text>, "\n"]
[#<Token Punctuation::Indicator>, "-"]
[#<Token Text>, " "]
[#<Token Name::Attribute>, "item    "]
[#<Token Punctuation::Indicator>, ":"]
[#<Token Text>, " "]
[#<Token Literal::String>, "Super Hoop"]
[#<Token Text>, "\n  "]
[#<Token Name::Attribute>, "quantity"]
[#<Token Punctuation::Indicator>, ":"]
[#<Token Text>, " "]
[#<Token Literal::Number>, "1"]
[#<Token Text>, "\n"]
[#<Token Punctuation::Indicator>, "-"]
[#<Token Text>, " "]
[#<Token Name::Attribute>, "item    "]
[#<Token Punctuation::Indicator>, ":"]
[#<Token Text>, " "]
[#<Token Literal::String>, "Basketball"]
[#<Token Text>, "\n  "]
[#<Token Name::Attribute>, "quantity"]
[#<Token Punctuation::Indicator>, ":"]
[#<Token Text>, " "]
[#<Token Literal::Number>, "4"]
[#<Token Text>, "\n"]
[#<Token Punctuation::Indicator>, "-"]
[#<Token Text>, " "]
[#<Token Name::Attribute>, "item    "]
[#<Token Punctuation::Indicator>, ":"]
[#<Token Text>, " "]
[#<Token Literal::String>, "Big Shoes"]
[#<Token Text>, "\n  "]
[#<Token Name::Attribute>, "quantity"]
[#<Token Punctuation::Indicator>, ":"]
[#<Token Text>, " "]
[#<Token Literal::Number>, "1"]
[#<Token Text>, "\n\n"]
[#<Token Comment::Single>, "# Literal scalars"]
[#<Token Text>, "\n"]
[#<Token Name::Namespace>, "---"]
[#<Token Text>, " "]
[#<Token Punctuation::Indicator>, "|"]
[#<Token Text>, " "]
[#<Token Comment::Single>, "# ASCII art"]
[#<Token Text>, "\n  "]
[#<Token Literal::String>, "\\//||\\/||"]
[#<Token Text>, "\n  "]
[#<Token Literal::String>, "// ||  ||__"]
[#<Token Text>, "\n\n"]
[#<Token Comment::Single>, "# Folded scalars"]
[#<Token Text>, "\n"]
[#<Token Name::Namespace>, "---"]
[#<Token Text>, " "]
[#<Token Punctuation::Indicator>, ">"]
[#<Token Text>, "\n  "]
[#<Token Literal::String>, "Mark McGwire's"]
[#<Token Text>, "\n  "]
[#<Token Literal::String>, "year was crippled"]
[#<Token Text>, "\n  "]
[#<Token Literal::String>, "by a knee injury."]
[#<Token Text>, "\n\n"]
[#<Token Comment::Single>, "# Preserved indented block in a folded scalar"]
[#<Token Text>, "\n\n   "]
[#<Token Literal::String>, "63 Home Runs"]
[#<Token Text>, "\n   "]
[#<Token Literal::String>, "0.288 Batting Average"]
[#<Token Text>, "\n\n "]
[#<Token Literal::String>, "What a year!"]
[#<Token Text>, "\n\n"]
[#<Token Comment::Single>, "# Indentation determines scope"]
[#<Token Text>, "\n"]
[#<Token Name::Namespace>, "---"]
[#<Token Text>, "\n"]
[#<Token Name::Attribute>, "name"]
[#<Token Punctuation::Indicator>, ":"]
[#<Token Text>, " "]
[#<Token Literal::String>, "Mark McGwire"]
[#<Token Text>, "\n"]
[#<Token Name::Attribute>, "accomplishment"]
[#<Token Punctuation::Indicator>, ":"]
[#<Token Text>, " "]
[#<Token Punctuation::Indicator>, ">"]
[#<Token Text>, "\n  "]
[#<Token Literal::String>, "Mark set a major league"]
[#<Token Text>, "\n  "]
[#<Token Literal::String>, "home run record in 1998."]
[#<Token Text>, "\n"]
[#<Token Name::Attribute>, "stats"]
[#<Token Punctuation::Indicator>, ":"]
[#<Token Text>, " "]
[#<Token Punctuation::Indicator>, "|"]
[#<Token Text>, "\n  "]
[#<Token Literal::String>, "65 Home Runs"]
[#<Token Text>, "\n  "]
[#<Token Literal::String>, "0.278 Batting Average"]
[#<Token Text>, "\n\n"]
[#<Token Comment::Single>, "# Multi-line block chomping"]
[#<Token Text>, "\n\n"]
[#<Token Comment::Single>, "## No newlines at end of folded block"]
[#<Token Text>, "\n"]
[#<Token Name::Namespace>, "---"]
[#<Token Text>, "\n"]
[#<Token Name::Attribute>, "desc"]
[#<Token Punctuation::Indicator>, ":"]
[#<Token Text>, " "]
[#<Token Punctuation::Indicator>, ">-"]
[#<Token Text>, "\n  "]
[#<Token Literal::String>, "This is just a dummy text intended to"]
[#<Token Text>, "\n  "]
[#<Token Literal::String>, "test this lexer. The following whitespace"]
[#<Token Text>, "\n  "]
[#<Token Literal::String>, "until \"label\" is intentional."]
[#<Token Text>, "\n\n\n"]
[#<Token Name::Attribute>, "label"]
[#<Token Punctuation::Indicator>, ":"]
[#<Token Text>, " "]
[#<Token Literal::String>, "lipsum"]
[#<Token Text>, "\n\n"]
[#<Token Comment::Single>, "## Allow all newlines at end of folded block"]
[#<Token Text>, "\n"]
[#<Token Name::Namespace>, "---"]
[#<Token Text>, "\n"]
[#<Token Name::Attribute>, "desc"]
[#<Token Punctuation::Indicator>, ":"]
[#<Token Text>, " "]
[#<Token Punctuation::Indicator>, ">+"]
[#<Token Text>, "\n  "]
[#<Token Literal::String>, "This is just a dummy text intended to"]
[#<Token Text>, "\n  "]
[#<Token Literal::String>, "test this lexer. The following whitespace"]
[#<Token Text>, "\n  "]
[#<Token Literal::String>, "until \"label\" is intentional."]
[#<Token Text>, "\n\n\n"]
[#<Token Name::Attribute>, "label"]
[#<Token Punctuation::Indicator>, ":"]
[#<Token Text>, " "]
[#<Token Literal::String>, "lipsum"]
[#<Token Text>, "\n\n"]
[#<Token Comment::Single>, "## No newlines at end of literal block"]
[#<Token Text>, "\n"]
[#<Token Name::Namespace>, "---"]
[#<Token Text>, "\n"]
[#<Token Name::Attribute>, "desc"]
[#<Token Punctuation::Indicator>, ":"]
[#<Token Text>, " "]
[#<Token Punctuation::Indicator>, "|-"]
[#<Token Text>, "\n  "]
[#<Token Literal::String>, "This is just a dummy text intended to"]
[#<Token Text>, "\n  "]
[#<Token Literal::String>, "test this lexer. The following whitespace"]
[#<Token Text>, "\n  "]
[#<Token Literal::String>, "until \"label\" is intentional."]
[#<Token Text>, "\n\n\n"]
[#<Token Name::Attribute>, "label"]
[#<Token Punctuation::Indicator>, ":"]
[#<Token Text>, " "]
[#<Token Literal::String>, "lipsum"]
[#<Token Text>, "\n\n"]
[#<Token Comment::Single>, "## Allow all newlines at end of literal block"]
[#<Token Text>, "\n"]
[#<Token Name::Namespace>, "---"]
[#<Token Text>, "\n"]
[#<Token Name::Attribute>, "desc"]
[#<Token Punctuation::Indicator>, ":"]
[#<Token Text>, " "]
[#<Token Punctuation::Indicator>, "|+"]
[#<Token Text>, "\n  "]
[#<Token Literal::String>, "This is just a dummy text intended to"]
[#<Token Text>, "\n  "]
[#<Token Literal::String>, "test this lexer. The following whitespace"]
[#<Token Text>, "\n  "]
[#<Token Literal::String>, "until \"label\" is intentional."]
[#<Token Text>, "\n\n\n"]
[#<Token Name::Attribute>, "label"]
[#<Token Punctuation::Indicator>, ":"]
[#<Token Text>, " "]
[#<Token Literal::String>, "lipsum"]
[#<Token Text>, "\n"]
[#<Token Name::Namespace>, "..."]
[#<Token Text>, "\n\n"]
[#<Token Comment::Single>, "# Quoted scalars"]
[#<Token Text>, "\n"]
[#<Token Name::Namespace>, "---"]
[#<Token Text>, "\n"]
[#<Token Name::Attribute>, "unicode"]
[#<Token Punctuation::Indicator>, ":"]
[#<Token Text>, " "]
[#<Token Literal::String::Double>, "\""]
[#<Token Literal::String>, "Sosa"]
[#<Token Name::Variable>, " "]
[#<Token Literal::String>, "did"]
[#<Token Name::Variable>, " "]
[#<Token Literal::String>, "fine."]
[#<Token Literal::String::Escape>, "\\u263A"]
[#<Token Literal::String>, "\""]
[#<Token Text>, "\n"]
[#<Token Name::Attribute>, "control"]
[#<Token Punctuation::Indicator>, ":"]
[#<Token Text>, " "]
[#<Token Literal::String::Double>, "\""]
[#<Token Literal::String::Escape>, "\\b"]
[#<Token Literal::String>, "1998"]
[#<Token Literal::String::Escape>, "\\t"]
[#<Token Literal::String>, "1999"]
[#<Token Literal::String::Escape>, "\\t"]
[#<Token Literal::String>, "2000"]
[#<Token Literal::String::Escape>, "\\n"]
[#<Token Literal::String>, "\""]
[#<Token Text>, "\n"]
[#<Token Name::Attribute>, "hex esc"]
[#<Token Punctuation::Indicator>, ":"]
[#<Token Text>, " "]
[#<Token Literal::String::Double>, "\""]
[#<Token Literal::String::Escape>, "\\x0d\\x0a"]
[#<Token Name::Variable>, " "]
[#<Token Literal::String>, "is"]
[#<Token Name::Variable>, " "]
[#<Token Literal::String::Escape>, "\\r\\n"]
[#<Token Literal::String>, "\""]
[#<Token Text>, "\n"]
[#<Token Name::Attribute>, "single"]
[#<Token Punctuation::Indicator>, ":"]
[#<Token Text>, " "]
[#<Token Literal::String::Single>, "'"]
[#<Token Literal::String>, "\"Howdy!\""]
[#<Token Name::Variable>, " "]
[#<Token Literal::String>, "he"]
[#<Token Name::Variable>, " "]
[#<Token Literal::String>, "cried.'"]
[#<Token Text>, "\n"]
[#<Token Name::Attribute>, "quoted"]
[#<Token Punctuation::Indicator>, ":"]
[#<Token Text>, " "]
[#<Token Literal::String::Single>, "'"]
[#<Token Name::Variable>, " "]
[#<Token Literal::String>, "#"]
[#<Token Name::Variable>, " "]
[#<Token Literal::String>, "not"]
[#<Token Name::Variable>, " "]
[#<Token Literal::String>, "a"]
[#<Token Name::Variable>, " "]
[#<Token Literal::String>, "'"]
[#<Token Literal::String::Single>, "'"]
[#<Token Literal::String>, "comment'"]
[#<Token Literal::String::Single>, "'"]
[#<Token Literal::String>, ".'"]
[#<Token Text>, "\n"]
[#<Token Name::Attribute>, "tie-fighter"]
[#<Token Punctuation::Indicator>, ":"]
[#<Token Text>, " "]
[#<Token Literal::String::Single>, "'"]
[#<Token Literal::String>, "|\\-*-/|'"]
[#<Token Text>, "\n\n"]
[#<Token Comment::Single>, "# Multi-line flow scalars"]
[#<Token Text>, "\n"]
[#<Token Name::Namespace>, "---"]
[#<Token Text>, "\n"]
[#<Token Name::Attribute>, "plain"]
[#<Token Punctuation::Indicator>, ":"]
[#<Token Text>, "\n  "]
[#<Token Literal::String>, "This unquoted scalar"]
[#<Token Text>, "\n  "]
[#<Token Literal::String>, "spans many lines."]
[#<Token Text>, "\n"]
[#<Token Name::Attribute>, "quoted"]
[#<Token Punctuation::Indicator>, ":"]
[#<Token Text>, " "]
[#<Token Literal::String::Double>, "\""]
[#<Token Literal::String>, "So"]
[#<Token Name::Variable>, " "]
[#<Token Literal::String>, "does"]
[#<Token Name::Variable>, " "]
[#<Token Literal::String>, "this"]
[#<Token Text>, "\n  "]
[#<Token Literal::String>, "quoted"]
[#<Token Name::Variable>, " "]
[#<Token Literal::String>, "scalar."]
[#<Token Literal::String::Escape>, "\\n"]
[#<Token Literal::String>, "\""]
[#<Token Text>, "\n\n"]
[#<Token Comment::Single>, "# Integers"]
[#<Token Text>, "\n"]
[#<Token Name::Namespace>, "---"]
[#<Token Text>, "\n"]
[#<Token Name::Attribute>, "canonical"]
[#<Token Punctuation::Indicator>, ":"]
[#<Token Text>, " "]
[#<Token Literal::Number>, "12345"]
[#<Token Text>, "\n"]
[#<Token Name::Attribute>, "decimal"]
[#<Token Punctuation::Indicator>, ":"]
[#<Token Text>, " "]
[#<Token Literal::String>, "+12_345"]
[#<Token Text>, "\n"]
[#<Token Name::Attribute>, "sexagesimal"]
[#<Token Punctuation::Indicator>, ":"]
[#<Token Text>, " "]
[#<Token Literal::String>, "3:25:45"]
[#<Token Text>, "\n"]
[#<Token Name::Attribute>, "octal"]
[#<Token Punctuation::Indicator>, ":"]
[#<Token Text>, " "]
[#<Token Literal::Number>, "014"]
[#<Token Text>, "\n"]
[#<Token Name::Attribute>, "hexadecimal"]
[#<Token Punctuation::Indicator>, ":"]
[#<Token Text>, " "]
[#<Token Literal::String>, "0xC"]
[#<Token Text>, "\n\n"]
[#<Token Comment::Single>, "# Floating point"]
[#<Token Text>, "\n"]
[#<Token Name::Namespace>, "---"]
[#<Token Text>, "\n"]
[#<Token Name::Attribute>, "canonical"]
[#<Token Punctuation::Indicator>, ":"]
[#<Token Text>, " "]
[#<Token Literal::String>, "1.23015e+3"]
[#<Token Text>, "\n"]
[#<Token Name::Attribute>, "exponential"]
[#<Token Punctuation::Indicator>, ":"]
[#<Token Text>, " "]
[#<Token Literal::String>, "12.3015e+02"]
[#<Token Text>, "\n"]
[#<Token Name::Attribute>, "sexagesimal"]
[#<Token Punctuation::Indicator>, ":"]
[#<Token Text>, " "]
[#<Token Literal::String>, "20:30.15"]
[#<Token Text>, "\n"]
[#<Token Name::Attribute>, "fixed"]
[#<Token Punctuation::Indicator>, ":"]
[#<Token Text>, " "]
[#<Token Literal::String>, "1_230.15"]
[#<Token Text>, "\n"]
[#<Token Name::Attribute>, "negative infinity"]
[#<Token Punctuation::Indicator>, ":"]
[#<Token Text>, " "]
[#<Token Literal::String>, "-.inf"]
[#<Token Text>, "\n"]
[#<Token Name::Attribute>, "not a number"]
[#<Token Punctuation::Indicator>, ":"]
[#<Token Text>, " "]
[#<Token Literal::String>, ".NaN"]
[#<Token Text>, "\n\n"]
[#<Token Comment::Single>, "# Miscellaneous"]
[#<Token Text>, "\n"]
[#<Token Name::Namespace>, "---"]
[#<Token Text>, "\n"]
[#<Token Name::Attribute>, "null"]
[#<Token Punctuation::Indicator>, ":"]
[#<Token Text>, " "]
[#<Token Literal::String>, "~"]
[#<Token Text>, "\n"]
[#<Token Name::Attribute>, "bool_true"]
[#<Token Punctuation::Indicator>, ":"]
[#<Token Text>, " "]
[#<Token Name::Constant>, "true"]
[#<Token Text>, "\n"]
[#<Token Name::Attribute>, "str_true"]
[#<Token Punctuation::Indicator>, ":"]
[#<Token Text>, " "]
[#<Token Literal::String::Single>, "'"]
[#<Token Literal::String>, "true'"]
[#<Token Text>, "\n"]
[#<Token Name::Attribute>, "bool_false"]
[#<Token Punctuation::Indicator>, ":"]
[#<Token Text>, " "]
[#<Token Name::Constant>, "false"]
[#<Token Text>, "\n"]
[#<Token Name::Attribute>, "str_false"]
[#<Token Punctuation::Indicator>, ":"]
[#<Token Text>, " "]
[#<Token Literal::String::Double>, "\""]
[#<Token Literal::String>, "false\""]
[#<Token Text>, "\n"]
[#<Token Name::Attribute>, "string"]
[#<Token Punctuation::Indicator>, ":"]
[#<Token Text>, " "]
[#<Token Literal::String::Single>, "'"]
[#<Token Literal::String>, "12345'"]
[#<Token Text>, "\n"]
[#<Token Name::Attribute>, "number"]
[#<Token Punctuation::Indicator>, ":"]
[#<Token Text>, " "]
[#<Token Literal::Number>, "12345"]
[#<Token Text>, "\n\n"]
[#<Token Comment::Single>, "# Timestamps"]
[#<Token Text>, "\n"]
[#<Token Name::Namespace>, "---"]
[#<Token Text>, "\n"]
[#<Token Name::Attribute>, "canonical"]
[#<Token Punctuation::Indicator>, ":"]
[#<Token Text>, " "]
[#<Token Literal::String>, "2001-12-15T02:59:43.1Z"]
[#<Token Text>, "\n"]
[#<Token Name::Attribute>, "iso8601"]
[#<Token Punctuation::Indicator>, ":"]
[#<Token Text>, " "]
[#<Token Literal::String>, "2001-12-14t21:59:43.10-05:00"]
[#<Token Text>, "\n"]
[#<Token Name::Attribute>, "spaced"]
[#<Token Punctuation::Indicator>, ":"]
[#<Token Text>, " "]
[#<Token Literal::String>, "2001-12-14 21:59:43.10 -5"]
[#<Token Text>, "\n"]
[#<Token Name::Attribute>, "date"]
[#<Token Punctuation::Indicator>, ":"]
[#<Token Text>, " "]
[#<Token Literal::String>, "2002-12-14"]
[#<Token Text>, "\n\n"]
[#<Token Comment::Single>, "# Various explicit tags"]
[#<Token Text>, "\n"]
[#<Token Name::Namespace>, "---"]
[#<Token Text>, "\n"]
[#<Token Name::Attribute>, "not-date"]
[#<Token Punctuation::Indicator>, ":"]
[#<Token Text>, " "]
[#<Token Keyword::Type>, "!!str"]
[#<Token Text>, " "]
[#<Token Literal::String>, "2002-04-28"]
[#<Token Text>, "\n"]
[#<Token Name::Attribute>, "picture"]
[#<Token Punctuation::Indicator>, ":"]
[#<Token Text>, " "]
[#<Token Keyword::Type>, "!!binary"]
[#<Token Text>, " "]
[#<Token Punctuation::Indicator>, "|"]
[#<Token Text>, "\n "]
[#<Token Literal::String>, "R0lGODlhDAAMAIQAAP//9/X"]
[#<Token Text>, "\n "]
[#<Token Literal::String>, "17unp5WZmZgAAAOfn515eXv"]
[#<Token Text>, "\n "]
[#<Token Literal::String>, "Pz7Y6OjuDg4J+fn5OTk6enp"]
[#<Token Text>, "\n "]
[#<Token Literal::String>, "56enmleECcgggoBADs="]
[#<Token Text>, "\n"]
[#<Token Name::Attribute>, "application specific tag"]
[#<Token Punctuation::Indicator>, ":"]
[#<Token Text>, " "]
[#<Token Keyword::Type>, "!something"]
[#<Token Text>, " "]
[#<Token Punctuation::Indicator>, "|"]
[#<Token Text>, "\n "]
[#<Token Literal::String>, "The semantics of the tag"]
[#<Token Text>, "\n "]
[#<Token Literal::String>, "above may be different for"]
[#<Token Text>, "\n "]
[#<Token Literal::String>, "different documents."]
[#<Token Text>, "\n"]
[#<Token Name::Attribute>, "email_regex"]
[#<Token Punctuation::Indicator>, ":"]
[#<Token Text>, " "]
[#<Token Keyword::Type>, "!ruby/regexp"]
[#<Token Text>, " "]
[#<Token Literal::String::Single>, "'"]
[#<Token Literal::String>, "/^([\\w.%+-]+)@([\\w-]+\\.)+([\\w]{2,})$/i'"]
[#<Token Text>, "\n\n"]
[#<Token Comment::Single>, "# Global tags"]
[#<Token Text>, "\n"]
[#<Token Name::Tag>, "%TAG"]
[#<Token Text>, " "]
[#<Token Keyword::Type>, "!"]
[#<Token Text>, " "]
[#<Token Keyword::Type>, "tag:clarkevans.com,2002:"]
[#<Token Text>, "\n"]
[#<Token Name::Namespace>, "---"]
[#<Token Text>, " "]
[#<Token Keyword::Type>, "!shape"]
[#<Token Text>, "\n  "]
[#<Token Comment::Single>, "# Use the ! handle for presenting"]
[#<Token Text>, "\n  "]
[#<Token Comment::Single>, "# tag:clarkevans.com,2002:circle"]
[#<Token Text>, "\n"]
[#<Token Punctuation::Indicator>, "-"]
[#<Token Text>, " "]
[#<Token Keyword::Type>, "!circle"]
[#<Token Text>, "\n  "]
[#<Token Name::Attribute>, "center"]
[#<Token Punctuation::Indicator>, ":"]
[#<Token Text>, " "]
[#<Token Name::Label>, "&ORIGIN"]
[#<Token Text>, " "]
[#<Token Punctuation::Indicator>, "{"]
[#<Token Name::Variable>, "x"]
[#<Token Punctuation::Indicator>, ":"]
[#<Token Text>, " "]
[#<Token Name::Variable>, "73"]
[#<Token Punctuation::Indicator>, ","]
[#<Token Text>, " "]
[#<Token Name::Variable>, "y"]
[#<Token Punctuation::Indicator>, ":"]
[#<Token Text>, " "]
[#<Token Name::Variable>, "129"]
[#<Token Punctuation::Indicator>, "}"]
[#<Token Text>, "\n  "]
[#<Token Name::Attribute>, "radius"]
[#<Token Punctuation::Indicator>, ":"]
[#<Token Text>, " "]
[#<Token Literal::Number>, "7"]
[#<Token Text>, "\n"]
[#<Token Punctuation::Indicator>, "-"]
[#<Token Text>, " "]
[#<Token Keyword::Type>, "!line"]
[#<Token Text>, "\n  "]
[#<Token Name::Attribute>, "start"]
[#<Token Punctuation::Indicator>, ":"]
[#<Token Text>, " "]
[#<Token Name::Variable>, "*ORIGIN"]
[#<Token Text>, "\n  "]
[#<Token Name::Attribute>, "finish"]
[#<Token Punctuation::Indicator>, ":"]
[#<Token Text>, " "]
[#<Token Punctuation::Indicator>, "{"]
[#<Token Text>, " "]
[#<Token Name::Variable>, "x"]
[#<Token Punctuation::Indicator>, ":"]
[#<Token Text>, " "]
[#<Token Name::Variable>, "89"]
[#<Token Punctuation::Indicator>, ","]
[#<Token Text>, " "]
[#<Token Name::Variable>, "y"]
[#<Token Punctuation::Indicator>, ":"]
[#<Token Text>, " "]
[#<Token Name::Variable>, "102"]
[#<Token Text>, " "]
[#<Token Punctuation::Indicator>, "}"]
[#<Token Text>, "\n"]
[#<Token Punctuation::Indicator>, "-"]
[#<Token Text>, " "]
[#<Token Keyword::Type>, "!label"]
[#<Token Text>, "\n  "]
[#<Token Name::Attribute>, "start"]
[#<Token Punctuation::Indicator>, ":"]
[#<Token Text>, " "]
[#<Token Name::Variable>, "*ORIGIN"]
[#<Token Text>, "\n  "]
[#<Token Name::Attribute>, "color"]
[#<Token Punctuation::Indicator>, ":"]
[#<Token Text>, " "]
[#<Token Literal::String>, "0xFFEEBB"]
[#<Token Text>, "\n  "]
[#<Token Name::Attribute>, "text"]
[#<Token Punctuation::Indicator>, ":"]
[#<Token Text>, " "]
[#<Token Literal::String>, "Pretty vector drawing."]
[#<Token Text>, "\n\n"]
[#<Token Comment::Single>, "# Unordered sets"]
[#<Token Text>, "\n"]
[#<Token Name::Namespace>, "---"]
[#<Token Text>, " "]
[#<Token Keyword::Type>, "!!set"]
[#<Token Text>, "\n"]
[#<Token Comment::Single>, "# sets are represented as a"]
[#<Token Text>, "\n"]
[#<Token Comment::Single>, "# mapping where each key is"]
[#<Token Text>, "\n"]
[#<Token Comment::Single>, "# associated with the empty string"]
[#<Token Text>, "\n"]
[#<Token Punctuation::Indicator>, "?"]
[#<Token Text>, " "]
[#<Token Literal::String>, "Mark McGwire"]
[#<Token Text>, "\n"]
[#<Token Punctuation::Indicator>, "?"]
[#<Token Text>, " "]
[#<Token Literal::String>, "Sammy Sosa"]
[#<Token Text>, "\n"]
[#<Token Punctuation::Indicator>, "?"]
[#<Token Text>, " "]
[#<Token Literal::String>, "Ken Griff"]
[#<Token Text>, "\n\n"]
[#<Token Comment::Single>, "# Ordered mappings"]
[#<Token Text>, "\n"]
[#<Token Name::Namespace>, "---"]
[#<Token Text>, " "]
[#<Token Keyword::Type>, "!!omap"]
[#<Token Text>, "\n"]
[#<Token Comment::Single>, "# ordered maps are represented as"]
[#<Token Text>, "\n"]
[#<Token Comment::Single>, "# a sequence of mappings, with"]
[#<Token Text>, "\n"]
[#<Token Comment::Single>, "# each mapping having one key"]
[#<Token Text>, "\n"]
[#<Token Punctuation::Indicator>, "-"]
[#<Token Text>, " "]
[#<Token Name::Attribute>, "Mark McGwire"]
[#<Token Punctuation::Indicator>, ":"]
[#<Token Text>, " "]
[#<Token Literal::Number>, "65"]
[#<Token Text>, "\n"]
[#<Token Punctuation::Indicator>, "-"]
[#<Token Text>, " "]
[#<Token Name::Attribute>, "Sammy Sosa"]
[#<Token Punctuation::Indicator>, ":"]
[#<Token Text>, " "]
[#<Token Literal::Number>, "63"]
[#<Token Text>, "\n"]
[#<Token Punctuation::Indicator>, "-"]
[#<Token Text>, " "]
[#<Token Name::Attribute>, "Ken Griffy"]
[#<Token Punctuation::Indicator>, ":"]
[#<Token Text>, " "]
[#<Token Literal::Number>, "58"]
[#<Token Text>, "\n\n"]
[#<Token Comment::Single>, "# Full length example"]
[#<Token Text>, "\n"]
[#<Token Name::Namespace>, "---"]
[#<Token Text>, " "]
[#<Token Keyword::Type>, "!<tag:clarkevans.com,2002:invoice>"]
[#<Token Text>, "\n"]
[#<Token Name::Attribute>, "invoice"]
[#<Token Punctuation::Indicator>, ":"]
[#<Token Text>, " "]
[#<Token Literal::Number>, "34843"]
[#<Token Text>, "\n"]
[#<Token Name::Attribute>, "date   "]
[#<Token Punctuation::Indicator>, ":"]
[#<Token Text>, " "]
[#<Token Literal::String>, "2001-01-23"]
[#<Token Text>, "\n"]
[#<Token Name::Attribute>, "bill-to"]
[#<Token Punctuation::Indicator>, ":"]
[#<Token Text>, " "]
[#<Token Name::Label>, "&id001"]
[#<Token Text>, "\n    "]
[#<Token Name::Attribute>, "given  "]
[#<Token Punctuation::Indicator>, ":"]
[#<Token Text>, " "]
[#<Token Literal::String>, "Chris"]
[#<Token Text>, "\n    "]
[#<Token Name::Attribute>, "family "]
[#<Token Punctuation::Indicator>, ":"]
[#<Token Text>, " "]
[#<Token Literal::String>, "Dumars"]
[#<Token Text>, "\n    "]
[#<Token Name::Attribute>, "address"]
[#<Token Punctuation::Indicator>, ":"]
[#<Token Text>, "\n        "]
[#<Token Name::Attribute>, "lines"]
[#<Token Punctuation::Indicator>, ":"]
[#<Token Text>, " "]
[#<Token Punctuation::Indicator>, "|"]
[#<Token Text>, "\n            "]
[#<Token Literal::String>, "458 Walkman Dr."]
[#<Token Text>, "\n            "]
[#<Token Literal::String>, "Suite #292"]
[#<Token Text>, "\n        "]
[#<Token Name::Attribute>, "city    "]
[#<Token Punctuation::Indicator>, ":"]
[#<Token Text>, " "]
[#<Token Literal::String>, "Royal Oak"]
[#<Token Text>, "\n        "]
[#<Token Name::Attribute>, "state   "]
[#<Token Punctuation::Indicator>, ":"]
[#<Token Text>, " "]
[#<Token Literal::String>, "MI"]
[#<Token Text>, "\n        "]
[#<Token Name::Attribute>, "postal  "]
[#<Token Punctuation::Indicator>, ":"]
[#<Token Text>, " "]
[#<Token Literal::Number>, "48046"]
[#<Token Text>, "\n"]
[#<Token Name::Attribute>, "ship-to"]
[#<Token Punctuation::Indicator>, ":"]
[#<Token Text>, " "]
[#<Token Name::Variable>, "*id001"]
[#<Token Text>, "\n"]
[#<Token Name::Attribute>, "product"]
[#<Token Punctuation::Indicator>, ":"]
[#<Token Text>, "\n    "]
[#<Token Punctuation::Indicator>, "-"]
[#<Token Text>, " "]
[#<Token Name::Attribute>, "sku         "]
[#<Token Punctuation::Indicator>, ":"]
[#<Token Text>, " "]
[#<Token Literal::String>, "BL394D"]
[#<Token Text>, "\n      "]
[#<Token Name::Attribute>, "quantity    "]
[#<Token Punctuation::Indicator>, ":"]
[#<Token Text>, " "]
[#<Token Literal::Number>, "4"]
[#<Token Text>, "\n      "]
[#<Token Name::Attribute>, "description "]
[#<Token Punctuation::Indicator>, ":"]
[#<Token Text>, " "]
[#<Token Literal::String>, "Basketball"]
[#<Token Text>, "\n      "]
[#<Token Name::Attribute>, "price       "]
[#<Token Punctuation::Indicator>, ":"]
[#<Token Text>, " "]
[#<Token Literal::Number>, "450.00"]
[#<Token Text>, "\n    "]
[#<Token Punctuation::Indicator>, "-"]
[#<Token Text>, " "]
[#<Token Name::Attribute>, "sku         "]
[#<Token Punctuation::Indicator>, ":"]
[#<Token Text>, " "]
[#<Token Literal::String>, "BL4438H"]
[#<Token Text>, "\n      "]
[#<Token Name::Attribute>, "quantity    "]
[#<Token Punctuation::Indicator>, ":"]
[#<Token Text>, " "]
[#<Token Literal::Number>, "1"]
[#<Token Text>, "\n      "]
[#<Token Name::Attribute>, "description "]
[#<Token Punctuation::Indicator>, ":"]
[#<Token Text>, " "]
[#<Token Literal::String>, "Super Hoop"]
[#<Token Text>, "\n      "]
[#<Token Name::Attribute>, "price       "]
[#<Token Punctuation::Indicator>, ":"]
[#<Token Text>, " "]
[#<Token Literal::Number>, "2392.00"]
[#<Token Text>, "\n"]
[#<Token Name::Attribute>, "tax  "]
[#<Token Punctuation::Indicator>, ":"]
[#<Token Text>, " "]
[#<Token Literal::Number>, "251.42"]
[#<Token Text>, "\n"]
[#<Token Name::Attribute>, "total"]
[#<Token Punctuation::Indicator>, ":"]
[#<Token Text>, " "]
[#<Token Literal::Number>, "4443.52"]
[#<Token Text>, "\n"]
[#<Token Name::Attribute>, "comments"]
[#<Token Punctuation::Indicator>, ":"]
[#<Token Text>, "\n    "]
[#<Token Literal::String>, "Late afternoon is best."]
[#<Token Text>, "\n    "]
[#<Token Literal::String>, "Backup contact is Nancy"]
[#<Token Text>, "\n    "]
[#<Token Literal::String>, "Billsmer @ 338-4338."]
[#<Token Text>, "\n\n"]
[#<Token Comment::Single>, "# Another full-length example"]
[#<Token Text>, "\n"]
[#<Token Name::Namespace>, "---"]
[#<Token Text>, "\n"]
[#<Token Name::Attribute>, "Time"]
[#<Token Punctuation::Indicator>, ":"]
[#<Token Text>, " "]
[#<Token Literal::String>, "2001-11-23 15:01:42 -5"]
[#<Token Text>, "\n"]
[#<Token Name::Attribute>, "User"]
[#<Token Punctuation::Indicator>, ":"]
[#<Token Text>, " "]
[#<Token Literal::String>, "ed"]
[#<Token Text>, "\n"]
[#<Token Name::Attribute>, "Warning"]
[#<Token Punctuation::Indicator>, ":"]
[#<Token Text>, "\n  "]
[#<Token Literal::String>, "This is an error message"]
[#<Token Text>, "\n  "]
[#<Token Literal::String>, "for the log file"]
[#<Token Text>, "\n"]
[#<Token Name::Namespace>, "---"]
[#<Token Text>, "\n"]
[#<Token Name::Attribute>, "Time"]
[#<Token Punctuation::Indicator>, ":"]
[#<Token Text>, " "]
[#<Token Literal::String>, "2001-11-23 15:02:31 -5"]
[#<Token Text>, "\n"]
[#<Token Name::Attribute>, "User"]
[#<Token Punctuation::Indicator>, ":"]
[#<Token Text>, " "]
[#<Token Literal::String>, "ed"]
[#<Token Text>, "\n"]
[#<Token Name::Attribute>, "Warning"]
[#<Token Punctuation::Indicator>, ":"]
[#<Token Text>, "\n  "]
[#<Token Literal::String>, "A slightly different error"]
[#<Token Text>, "\n  "]
[#<Token Literal::String>, "message."]
[#<Token Text>, "\n"]
[#<Token Name::Namespace>, "---"]
[#<Token Text>, "\n"]
[#<Token Name::Attribute>, "Date"]
[#<Token Punctuation::Indicator>, ":"]
[#<Token Text>, " "]
[#<Token Literal::String>, "2001-11-23 15:03:17 -5"]
[#<Token Text>, "\n"]
[#<Token Name::Attribute>, "User"]
[#<Token Punctuation::Indicator>, ":"]
[#<Token Text>, " "]
[#<Token Literal::String>, "ed"]
[#<Token Text>, "\n"]
[#<Token Name::Attribute>, "Fatal"]
[#<Token Punctuation::Indicator>, ":"]
[#<Token Text>, "\n  "]
[#<Token Literal::String>, "Unknown variable \"bar\""]
[#<Token Text>, "\n"]
[#<Token Name::Attribute>, "Stack"]
[#<Token Punctuation::Indicator>, ":"]
[#<Token Text>, "\n  "]
[#<Token Punctuation::Indicator>, "-"]
[#<Token Text>, " "]
[#<Token Name::Attribute>, "file"]
[#<Token Punctuation::Indicator>, ":"]
[#<Token Text>, " "]
[#<Token Literal::String>, "TopClass.py"]
[#<Token Text>, "\n    "]
[#<Token Name::Attribute>, "line"]
[#<Token Punctuation::Indicator>, ":"]
[#<Token Text>, " "]
[#<Token Literal::Number>, "23"]
[#<Token Text>, "\n    "]
[#<Token Name::Attribute>, "code"]
[#<Token Punctuation::Indicator>, ":"]
[#<Token Text>, " "]
[#<Token Punctuation::Indicator>, "|"]
[#<Token Text>, "\n      "]
[#<Token Literal::String>, "x = MoreObject(\"345\\n\")"]
[#<Token Text>, "\n  "]
[#<Token Punctuation::Indicator>, "-"]
[#<Token Text>, " "]
[#<Token Name::Attribute>, "file"]
[#<Token Punctuation::Indicator>, ":"]
[#<Token Text>, " "]
[#<Token Literal::String>, "MoreClass.py"]
[#<Token Text>, "\n    "]
[#<Token Name::Attribute>, "line"]
[#<Token Punctuation::Indicator>, ":"]
[#<Token Text>, " "]
[#<Token Literal::Number>, "58"]
[#<Token Text>, "\n    "]
[#<Token Name::Attribute>, "code"]
[#<Token Punctuation::Indicator>, ":"]
[#<Token Text>, " "]
[#<Token Punctuation::Indicator>, "|-"]
[#<Token Text>, "\n      "]
[#<Token Literal::String>, "foo = bar"]
[#<Token Text>, "\n\n"]
[#<Token Comment::Single>, "# Unicode example"]
[#<Token Text>, "\n"]
[#<Token Name::Attribute>, "œuvre"]
[#<Token Punctuation::Indicator>, ":"]
[#<Token Text>, "\n  "]
[#<Token Name::Attribute>, "书名"]
[#<Token Punctuation::Indicator>, ":"]
[#<Token Text>, " "]
[#<Token Literal::String>, "Les Misérables"]
[#<Token Text>, "\n  "]
[#<Token Name::Attribute>, "语言"]
[#<Token Punctuation::Indicator>, ":"]
[#<Token Text>, " "]
[#<Token Literal::String>, "français"]
[#<Token Text>, "\n  "]
[#<Token Name::Attribute>, "référence"]
[#<Token Punctuation::Indicator>, ":"]
[#<Token Text>, " "]
[#<Token Name::Label>, "&réf_01"]
[#<Token Text>, "\n  "]
[#<Token Name::Attribute>, "alias"]
[#<Token Punctuation::Indicator>, ":"]
[#<Token Text>, " "]
[#<Token Name::Variable>, "*λ-01"]
[#<Token Text>, "\n\n"]
[#<Token Comment::Single>, "# Scalars with special characters"]
[#<Token Text>, "\n"]
[#<Token Name::Attribute>, "foo/bar"]
[#<Token Punctuation::Indicator>, ":"]
[#<Token Text>, " "]
[#<Token Literal::String>, "We are great"]
[#<Token Text>, "\n"]
[#<Token Name::Attribute>, "foo.bar"]
[#<Token Punctuation::Indicator>, ":"]
[#<Token Text>, " "]
[#<Token Literal::String>, "Are we really?"]
[#<Token Text>, "\n"]
[#<Token Name::Attribute>, "foo+bar"]
[#<Token Punctuation::Indicator>, ":"]
[#<Token Text>, " "]
[#<Token Literal::String>, "Maybe not"]
[#<Token Text>, "\n"]
