[#<Token Keyword::Namespace>, "from"]
[#<Token Text>, " "]
[#<Token Name::Namespace>, "collections"]
[#<Token Text>, " "]
[#<Token Keyword::Namespace>, "import"]
[#<Token Text>, " "]
[#<Token Name>, "defaultdict"]
[#<Token Text>, "\n\n"]
[#<Token Name>, "fizz"]
[#<Token Punctuation>, ","]
[#<Token Text>, " "]
[#<Token Name>, "buzz"]
[#<Token Text>, " "]
[#<Token Operator>, "="]
[#<Token Text>, " "]
[#<Token Name>, "defaultdict"]
[#<Token Punctuation>, "("]
[#<Token Keyword>, "lambda"]
[#<Token Punctuation>, ":"]
[#<Token Text>, " "]
[#<Token Literal::String>, "''"]
[#<Token Punctuation>, "),"]
[#<Token Text>, " "]
[#<Token Name>, "defaultdict"]
[#<Token Punctuation>, "("]
[#<Token Keyword>, "lambda"]
[#<Token Punctuation>, ":"]
[#<Token Text>, " "]
[#<Token Literal::String>, "''"]
[#<Token Punctuation>, ")"]
[#<Token Text>, "\n"]
[#<Token Name>, "fizz"]
[#<Token Punctuation>, "["]
[#<Token Literal::Number::Integer>, "0"]
[#<Token Punctuation>, "],"]
[#<Token Text>, " "]
[#<Token Name>, "buzz"]
[#<Token Punctuation>, "["]
[#<Token Literal::Number::Integer>, "0"]
[#<Token Punctuation>, "]"]
[#<Token Text>, " "]
[#<Token Operator>, "="]
[#<Token Text>, " "]
[#<Token Literal::String>, "'Fizz'"]
[#<Token Punctuation>, ","]
[#<Token Text>, " "]
[#<Token Literal::String>, "'Buzz'"]
[#<Token Text>, "\n\n"]
[#<Token Keyword>, "for"]
[#<Token Text>, " "]
[#<Token Name>, "i"]
[#<Token Text>, " "]
[#<Token Operator::Word>, "in"]
[#<Token Text>, " "]
[#<Token Name::Builtin>, "range"]
[#<Token Punctuation>, "("]
[#<Token Literal::Number::Integer>, "1"]
[#<Token Punctuation>, ","]
[#<Token Text>, " "]
[#<Token Literal::Number::Integer>, "101"]
[#<Token Punctuation>, "):"]
[#<Token Text>, "\n    "]
[#<Token Keyword>, "print"]
[#<Token Punctuation>, "("]
[#<Token Name>, "fizz"]
[#<Token Punctuation>, "["]
[#<Token Name>, "i"]
[#<Token Text>, " "]
[#<Token Operator>, "%"]
[#<Token Text>, " "]
[#<Token Literal::Number::Integer>, "3"]
[#<Token Punctuation>, "]"]
[#<Token Text>, " "]
[#<Token Operator>, "+"]
[#<Token Text>, " "]
[#<Token Name>, "buzz"]
[#<Token Punctuation>, "["]
[#<Token Name>, "i"]
[#<Token Text>, " "]
[#<Token Operator>, "%"]
[#<Token Text>, " "]
[#<Token Literal::Number::Integer>, "5"]
[#<Token Punctuation>, "]"]
[#<Token Text>, " "]
[#<Token Operator::Word>, "or"]
[#<Token Text>, " "]
[#<Token Name::Builtin>, "str"]
[#<Token Punctuation>, "("]
[#<Token Name>, "i"]
[#<Token Punctuation>, "))"]
[#<Token Text>, "\n"]
