[#<Token Keyword>, "@media"]
[#<Token Text>, " "]
[#<Token Name>, "screen"]
[#<Token Text>, " "]
[#<Token Punctuation>, "{"]
[#<Token Text>, "\n  "]
[#<Token Name::Tag>, "body"]
[#<Token Text>, " "]
[#<Token Punctuation>, "{"]
[#<Token Text>, "\n    "]
[#<Token Name::Label>, "background"]
[#<Token Punctuation>, ":"]
[#<Token Text>, " "]
[#<Token Literal::Number>, "#ccc"]
[#<Token Punctuation>, ";"]
[#<Token Text>, "\n  "]
[#<Token Punctuation>, "}"]
[#<Token Text>, "\n"]
[#<Token Punctuation>, "}"]
[#<Token Text>, "\n\n"]
[#<Token Keyword>, "@namespace"]
[#<Token Text>, " "]
[#<Token Literal::String::Single>, "\"http://www.w3.org/1999/xhtml\""]
[#<Token Punctuation>, ";"]
[#<Token Text>, "\n\n"]
[#<Token Keyword>, "@import"]
[#<Token Text>, " "]
[#<Token Literal::String::Other>, "url(\"mystyle.css\")"]
[#<Token Punctuation>, ";"]
[#<Token Text>, "\n\n"]
[#<Token Keyword>, "@charset"]
[#<Token Text>, " "]
[#<Token Literal::String::Single>, "\"ISO-8859-1\""]
[#<Token Punctuation>, ";"]
[#<Token Text>, "\n\n"]
[#<Token Keyword>, "@font-face"]
[#<Token Text>, " "]
[#<Token Punctuation>, "{"]
[#<Token Text>, " "]
[#<Token Name::Label>, "font-family"]
[#<Token Punctuation>, ":"]
[#<Token Text>, " "]
[#<Token Literal::String::Single>, "\"Example Font\""]
[#<Token Punctuation>, ";"]
[#<Token Text>, " "]
[#<Token Name::Label>, "src"]
[#<Token Punctuation>, ":"]
[#<Token Text>, " "]
[#<Token Literal::String::Other>, "url(\"http://www.example.com/fonts/example\")"]
[#<Token Punctuation>, ";"]
[#<Token Text>, " "]
[#<Token Punctuation>, "}"]
[#<Token Text>, "\n\n"]
[#<Token Keyword>, "@media"]
[#<Token Text>, " "]
[#<Token Name>, "screen"]
[#<Token Text>, " "]
[#<Token Punctuation>, "{"]
[#<Token Text>, " "]
[#<Token Name::Tag>, "body"]
[#<Token Text>, " "]
[#<Token Punctuation>, "{"]
[#<Token Text>, " "]
[#<Token Name::Label>, "font-size"]
[#<Token Punctuation>, ":"]
[#<Token Text>, " "]
[#<Token Literal::Number>, "16px"]
[#<Token Text>, " "]
[#<Token Punctuation>, "}"]
[#<Token Text>, " "]
[#<Token Punctuation>, "}"]
[#<Token Text>, " "]
[#<Token Keyword>, "@media"]
[#<Token Text>, " "]
[#<Token Name>, "print"]
[#<Token Text>, " "]
[#<Token Punctuation>, "{"]
[#<Token Text>, " "]
[#<Token Name::Tag>, "body"]
[#<Token Text>, " "]
[#<Token Punctuation>, "{"]
[#<Token Text>, " "]
[#<Token Name::Label>, "font-size"]
[#<Token Punctuation>, ":"]
[#<Token Text>, " "]
[#<Token Literal::Number>, "12pt"]
[#<Token Text>, " "]
[#<Token Punctuation>, "}"]
[#<Token Text>, " "]
[#<Token Punctuation>, "}"]
[#<Token Text>, "\n\n\n"]
[#<Token Keyword>, "@page"]
[#<Token Text>, " "]
[#<Token Punctuation>, "{"]
[#<Token Text>, " "]
[#<Token Name::Tag>, "body"]
[#<Token Text>, " "]
[#<Token Punctuation>, "{"]
[#<Token Text>, " "]
[#<Token Name::Label>, "margin"]
[#<Token Punctuation>, ":"]
[#<Token Text>, " "]
[#<Token Literal::Number>, "1in"]
[#<Token Text>, " "]
[#<Token Literal::Number>, "1.5in"]
[#<Token Punctuation>, ";"]
[#<Token Text>, " "]
[#<Token Punctuation>, "}"]
[#<Token Text>, " "]
[#<Token Punctuation>, "}"]
[#<Token Text>, "\n\n"]
[#<Token Keyword>, "@page"]
[#<Token Text>, " "]
[#<Token Name>, "linke-seite"]
[#<Token Punctuation>, ":"]
[#<Token Name::Builtin>, "left"]
[#<Token Text>, " "]
[#<Token Punctuation>, "{"]
[#<Token Text>, " "]
[#<Token Name::Tag>, "body"]
[#<Token Text>, " "]
[#<Token Punctuation>, "{"]
[#<Token Text>, " "]
[#<Token Name::Label>, "margin"]
[#<Token Punctuation>, ":"]
[#<Token Literal::Number>, "20mm"]
[#<Token Punctuation>, ";"]
[#<Token Text>, " "]
[#<Token Name::Label>, "margin-right"]
[#<Token Punctuation>, ":"]
[#<Token Literal::Number>, "25mm"]
[#<Token Punctuation>, ";"]
[#<Token Text>, " "]
[#<Token Punctuation>, "}"]
[#<Token Text>, " "]
[#<Token Punctuation>, "}"]
[#<Token Text>, "\n\n"]
[#<Token Keyword>, "@-moz-document"]
[#<Token Text>, " "]
[#<Token Name>, "url-prefix"]
[#<Token Punctuation>, "("]
[#<Token Name>, "http"]
[#<Token Punctuation>, "://"]
[#<Token Name>, "pygments"]
[#<Token Punctuation>, "."]
[#<Token Name>, "org"]
[#<Token Punctuation>, ")"]
[#<Token Text>, " "]
[#<Token Punctuation>, "{"]
[#<Token Text>, "  "]
[#<Token Name::Tag>, "a"]
[#<Token Text>, " "]
[#<Token Punctuation>, "{"]
[#<Token Name::Label>, "font-style"]
[#<Token Punctuation>, ":"]
[#<Token Text>, " "]
[#<Token Name::Builtin>, "normal"]
[#<Token Text>, " "]
[#<Token Comment::Preproc>, "!important"]
[#<Token Punctuation>, ";}"]
[#<Token Text>, " "]
[#<Token Punctuation>, "}"]
[#<Token Text>, "\n"]
