[#<Token Name::Tag>, "body"]
[#<Token Text>, " "]
[#<Token Punctuation>, "{"]
[#<Token Text>, "\n    "]
[#<Token Name::Label>, "font-size"]
[#<Token Punctuation>, ":"]
[#<Token Text>, " "]
[#<Token Literal::Number>, "12pt"]
[#<Token Punctuation>, ";"]
[#<Token Text>, "\n    "]
[#<Token Name::Label>, "background"]
[#<Token Text>, "   "]
[#<Token Punctuation>, ":"]
[#<Token Text>, " "]
[#<Token Literal::Number>, "#fff"]
[#<Token Text>, " "]
[#<Token Literal::String::Other>, "url(temp.png)"]
[#<Token Text>, " "]
[#<Token Name::Builtin>, "top"]
[#<Token Text>, " "]
[#<Token Name::Builtin>, "left"]
[#<Token Text>, " "]
[#<Token Name::Builtin>, "no-repeat"]
[#<Token Punctuation>, ";"]
[#<Token Text>, "\n    "]
[#<Token Name::Label>, "width"]
[#<Token Punctuation>, ":"]
[#<Token Text>, " "]
[#<Token Literal::Number>, "75%"]
[#<Token Punctuation>, ";"]
[#<Token Text>, "\n"]
[#<Token Punctuation>, "}"]
[#<Token Text>, "\n\n"]
[#<Token Operator>, "*"]
[#<Token Text>, " "]
[#<Token Name::Tag>, "html"]
[#<Token Text>, " "]
[#<Token Name::Tag>, "body"]
[#<Token Text>, " "]
[#<Token Punctuation>, "{"]
[#<Token Text>, "\n    "]
[#<Token Name::Label>, "font-size"]
[#<Token Punctuation>, ":"]
[#<Token Text>, " "]
[#<Token Literal::Number>, "14pt"]
[#<Token Punctuation>, ";"]
[#<Token Text>, "\n"]
[#<Token Punctuation>, "}"]
[#<Token Text>, "\n\n"]
[#<Token Name::Function>, "#nav"]
[#<Token Text>, " "]
[#<Token Name::Class>, ".new"]
[#<Token Text>, " "]
[#<Token Punctuation>, "{"]
[#<Token Text>, "\n    "]
[#<Token Name::Label>, "display"]
[#<Token Punctuation>, ":"]
[#<Token Text>, " "]
[#<Token Name::Builtin>, "block"]
[#<Token Punctuation>, ";"]
[#<Token Text>, "\n"]
[#<Token Punctuation>, "}"]
[#<Token Text>, "\n\n"]
[#<Token Name::Tag>, "ul"]
[#<Token Name::Function>, "#nav"]
[#<Token Text>, " "]
[#<Token Name::Tag>, "li"]
[#<Token Name::Class>, ".new"]
[#<Token Text>, " "]
[#<Token Punctuation>, "{"]
[#<Token Text>, "\n    "]
[#<Token Name::Label>, "font-weight"]
[#<Token Punctuation>, ":"]
[#<Token Text>, " "]
[#<Token Name::Builtin>, "bold"]
[#<Token Punctuation>, ";"]
[#<Token Text>, "\n"]
[#<Token Punctuation>, "}"]
[#<Token Text>, "\n\n"]
[#<Token Name::Decorator>, ":link"]
[#<Token Text>, " "]
[#<Token Punctuation>, "{"]
[#<Token Text>, "\n    "]
[#<Token Name::Label>, "color"]
[#<Token Punctuation>, ":"]
[#<Token Text>, " "]
[#<Token Literal::Number>, "#f00"]
[#<Token Punctuation>, ";"]
[#<Token Text>, "\n"]
[#<Token Punctuation>, "}"]
[#<Token Text>, "\n\n"]
[#<Token Name::Decorator>, ":link:hover"]
[#<Token Text>, " "]
[#<Token Punctuation>, "{"]
[#<Token Text>, "\n    "]
[#<Token Name::Label>, "color"]
[#<Token Punctuation>, ":"]
[#<Token Text>, " "]
[#<Token Literal::Number>, "#0f0"]
[#<Token Punctuation>, ";"]
[#<Token Text>, "\n"]
[#<Token Punctuation>, "}"]
[#<Token Text>, "\n\n"]
[#<Token Operator>, "*"]
[#<Token Name::Decorator>, "::before"]
[#<Token Text>, " "]
[#<Token Punctuation>, "{"]
[#<Token Text>, "\n  "]
[#<Token Name::Label>, "content"]
[#<Token Punctuation>, ":"]
[#<Token Text>, " "]
[#<Token Literal::String::Single>, "\"text\""]
[#<Token Punctuation>, ";"]
[#<Token Text>, "\n"]
[#<Token Punctuation>, "}"]
[#<Token Text>, "\n\n"]
[#<Token Name::Decorator>, ":first-child::after"]
[#<Token Text>, " "]
[#<Token Punctuation>, "{"]
[#<Token Text>, "\n  "]
[#<Token Name::Label>, "display"]
[#<Token Punctuation>, ":"]
[#<Token Text>, " "]
[#<Token Name::Builtin>, "none"]
[#<Token Punctuation>, ";"]
[#<Token Text>, "\n"]
[#<Token Punctuation>, "}"]
[#<Token Text>, "\n\n"]
[#<Token Name::Class>, ".class"]
[#<Token Name::Decorator>, ":first-child:focus::after"]
[#<Token Text>, " "]
[#<Token Punctuation>, "{"]
[#<Token Text>, "\n  "]
[#<Token Name::Label>, "display"]
[#<Token Punctuation>, ":"]
[#<Token Text>, " "]
[#<Token Name::Builtin>, "none"]
[#<Token Punctuation>, ";"]
[#<Token Text>, "\n"]
[#<Token Punctuation>, "}"]
[#<Token Text>, "\n\n"]
[#<Token Name::Function>, "#thing"]
[#<Token Text>, " "]
[#<Token Punctuation>, "{"]
[#<Token Text>, "\n  "]
[#<Token Name::Label>, "font"]
[#<Token Punctuation>, ":"]
[#<Token Text>, " "]
[#<Token Name::Builtin>, "normal"]
[#<Token Text>, " "]
[#<Token Literal::Number>, "400"]
[#<Token Text>, " "]
[#<Token Literal::Number>, "12px"]
[#<Token Punctuation>, "/"]
[#<Token Literal::Number>, "35px"]
[#<Token Text>, " "]
[#<Token Name>, "Helvetica"]
[#<Token Punctuation>, ","]
[#<Token Text>, " "]
[#<Token Name>, "Arial"]
[#<Token Punctuation>, ","]
[#<Token Text>, " "]
[#<Token Name::Builtin>, "sans-serif"]
[#<Token Punctuation>, ";"]
[#<Token Text>, "\n"]
[#<Token Punctuation>, "}"]
[#<Token Text>, "\n\n"]
[#<Token Name::Function>, "#foo"]
[#<Token Text>, " "]
[#<Token Punctuation>, "{"]
[#<Token Text>, "\n  "]
[#<Token Name::Property>, "unrecognized-prop"]
[#<Token Punctuation>, ":"]
[#<Token Text>, " "]
[#<Token Literal::Number>, "1"]
[#<Token Punctuation>, ";"]
[#<Token Text>, "\n  "]
[#<Token Name::Label>, "-moz-prefixed-prop"]
[#<Token Punctuation>, ":"]
[#<Token Text>, " "]
[#<Token Literal::Number>, "2"]
[#<Token Punctuation>, ";"]
[#<Token Text>, "\n"]
[#<Token Punctuation>, "}"]
[#<Token Text>, "\n\n"]
[#<Token Name::Tag>, "a"]
[#<Token Operator>, "["]
[#<Token Name::Tag>, "target"]
[#<Token Operator>, "="]
[#<Token Literal::String::Single>, "\"_blank\""]
[#<Token Operator>, "]"]
[#<Token Text>, " "]
[#<Token Punctuation>, "{"]
[#<Token Text>, "\n    "]
[#<Token Name::Label>, "background-color"]
[#<Token Punctuation>, ":"]
[#<Token Text>, " "]
[#<Token Name::Constant>, "yellow"]
[#<Token Punctuation>, ";"]
[#<Token Text>, "\n"]
[#<Token Punctuation>, "}"]
[#<Token Text>, "\n"]
